habitinfoMigration.product_channel_com_lbe_privacy,4011,1796
habitinfoMigration.product_channel_com_lbe_privacy2001395,0,0
habitinfoMigration.product_channel_com_lbe_privacy2001402,735,546
habitinfoMigration.product_channel_com_lbe_privacy2011404,20,14
habitinfoMigration.product_channel_com_lbe_root,4134,3473
habitinfoMigration.product_channel_com_lbe_root1,3533,2990
habitinfoMigration.product_channel_com_lbe_root2,643,516
habitinfoMigration.product_channel_com_lbe_security,146788,121938
habitinfoMigration.product_channel_com_lbe_security2011343,21,14
habitinfoMigration.product_channel_com_lbe_security2011355,3,2
habitinfoMigration.product_channel_com_lbe_security2011356,19,15
habitinfoMigration.product_channel_com_lbe_security2011363,0,0
habitinfoMigration.product_channel_com_lbe_security2011365,0,0
habitinfoMigration.product_channel_com_lbe_security2011366,31,13
habitinfoMigration.product_channel_com_lbe_security2011371,3,1
habitinfoMigration.product_channel_com_lbe_security3001475,0,0
habitinfoMigration.product_channel_com_lbe_security3001498,0,0
habitinfoMigration.product_channel_com_lbe_security3001508,0,0
habitinfoMigration.product_channel_com_lbe_security3001512,0,0
habitinfoMigration.product_channel_com_lbe_security3001513,0,0
habitinfoMigration.product_channel_com_lbe_security3001516,0,0
habitinfoMigration.product_channel_com_lbe_security3001524,0,0
habitinfoMigration.product_channel_com_lbe_security3001526,0,0
habitinfoMigration.product_channel_com_lbe_security3001527,100,71
habitinfoMigration.product_channel_com_lbe_security3001531,0,0
habitinfoMigration.product_channel_com_lbe_security3001533,0,0
habitinfoMigration.product_channel_com_lbe_security3001535,0,0
habitinfoMigration.product_channel_com_lbe_security3001536,0,0
habitinfoMigration.product_channel_com_lbe_security3001537,0,0
habitinfoMigration.product_channel_com_lbe_security3001538,0,0
habitinfoMigration.product_channel_com_lbe_security3001539,0,0
habitinfoMigration.product_channel_com_lbe_security3011539,97,61
habitinfoMigration.product_channel_com_lbe_security3011548,0,0
habitinfoMigration.product_channel_com_lbe_security3011549,62,29
habitinfoMigration.product_channel_com_lbe_security3011550,10,6
habitinfoMigration.product_channel_com_lbe_security3011562,1,0
habitinfoMigration.product_channel_com_lbe_security3021580,2,2
habitinfoMigration.product_channel_com_lbe_security3021586,0,0
habitinfoMigration.product_channel_com_lbe_security3021600,1,1
habitinfoMigration.product_channel_com_lbe_security3021638,2,1
habitinfoMigration.product_channel_com_lbe_security3021640,0,0
habitinfoMigration.product_channel_com_lbe_security3021650,241,145
habitinfoMigration.product_channel_com_lbe_security3021740,4,2
habitinfoMigration.product_channel_com_lbe_security3021741,26,14
habitinfoMigration.product_channel_com_lbe_security3021742,0,0
habitinfoMigration.product_channel_com_lbe_security3021748,38,19
habitinfoMigration.product_channel_com_lbe_security3021749,189,112
habitinfoMigration.product_channel_com_lbe_security3031910,1,1
habitinfoMigration.product_channel_com_lbe_security3031920,4,3
habitinfoMigration.product_channel_com_lbe_security3031921,0,0
habitinfoMigration.product_channel_com_lbe_security3031931,0,0
habitinfoMigration.product_channel_com_lbe_security3031940,0,0
habitinfoMigration.product_channel_com_lbe_security3031946,12,12
habitinfoMigration.product_channel_com_lbe_security3041967,0,0
habitinfoMigration.product_channel_com_lbe_security3041974,73,59
habitinfoMigration.product_channel_com_lbe_security3051998,0,0
habitinfoMigration.product_channel_com_lbe_security3051999,86,74
habitinfoMigration.product_channel_com_lbe_security3052037,1,1
habitinfoMigration.product_channel_com_lbe_security3062038,20,16
habitinfoMigration.product_channel_com_lbe_security3062039,90,74
habitinfoMigration.product_channel_com_lbe_security3062130,3,3
habitinfoMigration.product_channel_com_lbe_security3062139,0,0
habitinfoMigration.product_channel_com_lbe_security3072143,0,0
habitinfoMigration.product_channel_com_lbe_security3072152,16,12
habitinfoMigration.product_channel_com_lbe_security3072154,0,0
habitinfoMigration.product_channel_com_lbe_security3072162,0,0
habitinfoMigration.product_channel_com_lbe_security3072164,800,663
habitinfoMigration.product_channel_com_lbe_security4001728,0,0
habitinfoMigration.product_channel_com_lbe_security4001749,0,0
habitinfoMigration.product_channel_com_lbe_security4001772,0,0
habitinfoMigration.product_channel_com_lbe_security4001788,0,0
habitinfoMigration.product_channel_com_lbe_security4001819,0,0
habitinfoMigration.product_channel_com_lbe_security4001823,5,5
habitinfoMigration.product_channel_com_lbe_security4001824,31,23
habitinfoMigration.product_channel_com_lbe_security4001882,0,0
habitinfoMigration.product_channel_com_lbe_security4001888,0,0
habitinfoMigration.product_channel_com_lbe_security4001894,641,541
habitinfoMigration.product_channel_com_lbe_security4001898,0,0
habitinfoMigration.product_channel_com_lbe_security4001936,0,0
habitinfoMigration.product_channel_com_lbe_security4001946,11,9
habitinfoMigration.product_channel_com_lbe_security4001947,444,362
habitinfoMigration.product_channel_com_lbe_security4002076,2,2
habitinfoMigration.product_channel_com_lbe_security4012075,0,0
habitinfoMigration.product_channel_com_lbe_security4012090,0,0
habitinfoMigration.product_channel_com_lbe_security4012096,0,0
habitinfoMigration.product_channel_com_lbe_security4012098,0,0
habitinfoMigration.product_channel_com_lbe_security4012114,1,0
habitinfoMigration.product_channel_com_lbe_security4012120,0,0
habitinfoMigration.product_channel_com_lbe_security4012121,0,0
habitinfoMigration.product_channel_com_lbe_security4012122,14,13
habitinfoMigration.product_channel_com_lbe_security4012151,0,0
habitinfoMigration.product_channel_com_lbe_security4012152,19,17
habitinfoMigration.product_channel_com_lbe_security4012175,497,411
habitinfoMigration.product_channel_com_lbe_security4012210,1,0
habitinfoMigration.product_channel_com_lbe_security4012224,236,198
habitinfoMigration.product_channel_com_lbe_security4022438,3,3
habitinfoMigration.product_channel_com_lbe_security4022514,0,0
habitinfoMigration.product_channel_com_lbe_security4022525,24,18
habitinfoMigration.product_channel_com_lbe_security4022537,1,1
habitinfoMigration.product_channel_com_lbe_security4022546,308,265
habitinfoMigration.product_channel_com_lbe_security4022548,447,374
habitinfoMigration.product_channel_com_lbe_security4032668,1,0
habitinfoMigration.product_channel_com_lbe_security4032695,4,4
habitinfoMigration.product_channel_com_lbe_security4032705,1,1
habitinfoMigration.product_channel_com_lbe_security4032718,0,0
habitinfoMigration.product_channel_com_lbe_security4032719,0,0
habitinfoMigration.product_channel_com_lbe_security4032720,1,0
habitinfoMigration.product_channel_com_lbe_security4032723,38,31
habitinfoMigration.product_channel_com_lbe_security4032726,0,0
habitinfoMigration.product_channel_com_lbe_security4032738,721,606
habitinfoMigration.product_channel_com_lbe_security4032775,4,2
habitinfoMigration.product_channel_com_lbe_security4032782,1,1
habitinfoMigration.product_channel_com_lbe_security4032797,1,1
habitinfoMigration.product_channel_com_lbe_security4032800,0,0
habitinfoMigration.product_channel_com_lbe_security4032801,1,1
habitinfoMigration.product_channel_com_lbe_security4042802,1,1
habitinfoMigration.product_channel_com_lbe_security4042803,355,289
habitinfoMigration.product_channel_com_lbe_security4042825,1,0
habitinfoMigration.product_channel_com_lbe_security4042828,33,28
habitinfoMigration.product_channel_com_lbe_security4042829,533,454
habitinfoMigration.product_channel_com_lbe_security4042860,2,2
habitinfoMigration.product_channel_com_lbe_security4042868,2876,2431
habitinfoMigration.product_channel_com_lbe_security4042869,778,649
habitinfoMigration.product_channel_com_lbe_security4042874,0,0
habitinfoMigration.product_channel_com_lbe_security4052917,525,444
habitinfoMigration.product_channel_com_lbe_security4062922,87,77
habitinfoMigration.product_channel_com_lbe_security4062924,434,369
habitinfoMigration.product_channel_com_lbe_security4062925,1888,1568
habitinfoMigration.product_channel_com_lbe_security4063005,5720,4863
habitinfoMigration.product_channel_com_lbe_security5003333,0,0
habitinfoMigration.product_channel_com_lbe_security5003343,1,1
habitinfoMigration.product_channel_com_lbe_security5003344,0,0
habitinfoMigration.product_channel_com_lbe_security5003361,0,0
habitinfoMigration.product_channel_com_lbe_security5003430,1,1
habitinfoMigration.product_channel_com_lbe_security5003466,0,0
habitinfoMigration.product_channel_com_lbe_security5003530,0,0
habitinfoMigration.product_channel_com_lbe_security5003546,0,0
habitinfoMigration.product_channel_com_lbe_security5003550,2,1
habitinfoMigration.product_channel_com_lbe_security5003555,2094,1727
habitinfoMigration.product_channel_com_lbe_security5003661,182,153
habitinfoMigration.product_channel_com_lbe_security5003674,12467,10457
habitinfoMigration.product_channel_com_lbe_security5003710,421,361
habitinfoMigration.product_channel_com_lbe_security5003717,9,4
habitinfoMigration.product_channel_com_lbe_security5003720,9032,7638
habitinfoMigration.product_channel_com_lbe_security5003832,91,80
habitinfoMigration.product_channel_com_lbe_security5003840,1348,1145
habitinfoMigration.product_channel_com_lbe_security5003869,6396,5449
habitinfoMigration.product_channel_com_lbe_security5003967,59822,51008
habitinfoMigration.product_channel_com_lbe_security5014482,623,536
habitinfoMigration.product_channel_com_lbe_security5014490,8552,6599
habitinfoMigration.product_channel_com_lbe_security5014518,8485,6847
habitinfoMigration.product_channel_com_lbe_security5014581,8312,6819
habitinfoMigration.product_channel_com_lbe_security5014610,33410,27361
habitinfoMigration.product_channel_com_lbe_security5014652,24160,18710
habitinfoMigration.product_channel_com_lbe_security5014682,89547,39453
habitinfoMigration.product_channel_com_lbe_security_lite,1924,916
habitinfoMigration.product_channel_com_lbe_security_lite2001000,1,0
habitinfoMigration.product_channel_com_lbe_security_lite2001001,2,1
habitinfoMigration.product_channel_com_lbe_security_lite2011002,7,5
habitinfoMigration.product_channel_com_lbe_security_lite2011003,0,0
habitinfoMigration.product_channel_com_lbe_security_lite2011004,0,0
habitinfoMigration.product_channel_com_lbe_security_lite3001008,2,1
habitinfoMigration.product_channel_com_lbe_security_lite3001009,1913,909
habitinfoMigration.product_channel_com_lbe_security_miui,132128,105495
habitinfoMigration.product_channel_com_lbe_security_miui2021007,0,0
habitinfoMigration.product_channel_com_lbe_security_miui2021013,0,0
habitinfoMigration.product_channel_com_lbe_security_miui2021014,0,0
habitinfoMigration.product_channel_com_lbe_security_miui2021015,0,0
habitinfoMigration.product_channel_com_lbe_security_miui2021016,0,0
habitinfoMigration.product_channel_com_lbe_security_miui2021017,0,0
habitinfoMigration.product_channel_com_lbe_security_miui2031019,28,14
habitinfoMigration.product_channel_com_lbe_security_miui3001021,73,36
habitinfoMigration.product_channel_com_lbe_security_miui3011024,133,53
habitinfoMigration.product_channel_com_lbe_security_miui3011027,228,181
habitinfoMigration.product_channel_com_lbe_security_miui3011030,10,7
habitinfoMigration.product_channel_com_lbe_security_miui3011031,0,0
habitinfoMigration.product_channel_com_lbe_security_miui3011032,72,55
habitinfoMigration.product_channel_com_lbe_security_miui3011036,0,0
habitinfoMigration.product_channel_com_lbe_security_miui3011038,1191,927
habitinfoMigration.product_channel_com_lbe_security_miui3021043,265,204
habitinfoMigration.product_channel_com_lbe_security_miui3021046,77,57
habitinfoMigration.product_channel_com_lbe_security_miui3021047,355,280
habitinfoMigration.product_channel_com_lbe_security_miui3021048,32,26
habitinfoMigration.product_channel_com_lbe_security_miui3021049,2235,1792
habitinfoMigration.product_channel_com_lbe_security_miui3021050,2607,2061
habitinfoMigration.product_channel_com_lbe_security_miui3021053,0,0
habitinfoMigration.product_channel_com_lbe_security_miui3021056,529,392
habitinfoMigration.product_channel_com_lbe_security_miui3031067,4,4
habitinfoMigration.product_channel_com_lbe_security_miui3031068,394,314
habitinfoMigration.product_channel_com_lbe_security_miui3031073,16772,13168
habitinfoMigration.product_channel_com_lbe_security_miui3031074,0,0
habitinfoMigration.product_channel_com_lbe_security_miui3031076,4100,3217
habitinfoMigration.product_channel_com_lbe_security_miui3031077,0,0
habitinfoMigration.product_channel_com_lbe_security_miui3031078,112404,89943
habitinfoMigration.product_channel_com_lbe_security_miui4001102,0,0
habitinfoMigration.product_channel_com_lbe_security_shuame,3366,2717
habitinfoMigration.product_channel_com_lbe_security_shuame1001001,737,591
habitinfoMigration.product_channel_com_lbe_security_shuame1001004,840,695
habitinfoMigration.product_channel_com_lbe_security_shuame1001006,492,382
habitinfoMigration.product_channel_com_lbe_security_shuame1001007,403,316
habitinfoMigration.product_channel_com_lbe_security_shuame1001008,573,462
habitinfoMigration.product_channel_com_lbe_security_shuame1001011,332,277
habitinfoMigration.product_channel_com_lbe_security_su,9387,7613
habitinfoMigration.product_channel_com_lbe_security_su2011005,4,3
habitinfoMigration.product_channel_com_lbe_security_su3001009,138,66
habitinfoMigration.product_channel_com_lbe_security_su3001010,205,159
habitinfoMigration.product_channel_com_lbe_security_su3001018,3479,2886
habitinfoMigration.product_channel_com_lbe_security_su3001053,3242,2651
habitinfoMigration.product_channel_com_lbe_security_su3001057,192,156
habitinfoMigration.product_channel_com_lbe_security_su4001019,2264,1804
habitinfoMigration.product_channel_com_phonesafe,8,6
habitinfoMigration.product_channel_com_phonesafe2011343,8,6
habitinfoMigration.product_channel_com_phonesec,47,26
habitinfoMigration.product_channel_com_phonesec2011343,47,26
