DEBUG market 2014-08-29 16:51:34 ./market/recommend.py recommend 386  新增banner:f60f28c3
DEBUG market 2014-08-29 17:03:33 ./market/recommend.py recommend 100  新增推荐列表的游戏:7b2e89f3
DEBUG market 2014-08-29 17:04:04 ./market/recommend.py recommend 100  新增推荐列表的游戏:42b4f4e5
DEBUG market 2014-08-29 17:04:19 ./market/recommend.py recommend 100  新增推荐列表的游戏:d13e61ef
DEBUG market 2014-08-29 17:04:28 ./market/recommend.py recommend 100  新增推荐列表的游戏:f83ddd5e
DEBUG market 2014-08-29 17:05:59 ./market/recommend.py recommend 100  新增推荐列表的游戏:535391d8
DEBUG market 2014-08-29 17:06:09 ./market/recommend.py recommend 100  新增推荐列表的游戏:b858a1cc
DEBUG market 2014-08-29 17:06:30 ./market/recommend.py recommend 100  新增推荐列表的游戏:7983caf9
DEBUG market 2014-08-29 17:06:48 ./market/topic.py topic 44  发布数据
DEBUG market 2014-08-29 17:07:08 ./market/topic.py topic 44  发布数据
DEBUG market 2014-08-29 17:32:03 ./market/topic.py topic 171  新增专题:58
DEBUG market 2014-08-29 17:32:11 ./market/topic.py topic 394  新增专题58的游戏列表:e9a4e847
DEBUG market 2014-08-29 17:32:20 ./market/topic.py topic 394  新增专题58的游戏列表:535391d8
DEBUG market 2014-08-29 17:32:29 ./market/topic.py topic 394  新增专题58的游戏列表:b858a1cc
DEBUG market 2014-08-29 17:32:36 ./market/topic.py topic 394  新增专题58的游戏列表:65e4737b
DEBUG market 2014-08-29 17:32:40 ./market/topic.py topic 394  新增专题58的游戏列表:7a805301
DEBUG market 2014-08-29 17:33:20 ./market/topic.py topic 171  新增专题:59
DEBUG market 2014-08-29 17:33:26 ./market/topic.py topic 394  新增专题59的游戏列表:7cd1097e
DEBUG market 2014-08-29 17:33:31 ./market/topic.py topic 394  新增专题59的游戏列表:91eb6906
DEBUG market 2014-08-29 17:33:37 ./market/topic.py topic 394  新增专题59的游戏列表:1b9f928a
DEBUG market 2014-08-29 17:37:29 ./market/topic.py topic 394  新增专题59的游戏列表:42b4f4e5
DEBUG market 2014-08-29 17:37:39 ./market/topic.py topic 394  新增专题59的游戏列表:ba4a0fd1
DEBUG market 2014-08-29 17:37:57 ./market/topic.py topic 378  新增专题59的游戏列表:b2fab099
DEBUG market 2014-08-29 17:38:09 ./market/topic.py topic 394  新增专题59的游戏列表:bc47a44d
DEBUG market 2014-08-29 17:38:16 ./market/topic.py topic 394  新增专题59的游戏列表:0aead988
DEBUG market 2014-08-29 17:39:10 ./market/topic.py topic 171  新增专题:60
DEBUG market 2014-08-29 17:39:16 ./market/topic.py topic 394  新增专题60的游戏列表:1410ff8e
DEBUG market 2014-08-29 17:39:21 ./market/topic.py topic 394  新增专题60的游戏列表:5c362b68
DEBUG market 2014-08-29 17:39:26 ./market/topic.py topic 394  新增专题60的游戏列表:ee895156
DEBUG market 2014-08-29 17:39:32 ./market/topic.py topic 394  新增专题60的游戏列表:b7a93a60
DEBUG market 2014-08-29 17:39:37 ./market/topic.py topic 394  新增专题60的游戏列表:fc82d935
DEBUG market 2014-08-29 17:39:42 ./market/topic.py topic 394  新增专题60的游戏列表:0d179ec4
DEBUG market 2014-08-29 18:03:24 ./market/recommend.py recommend 386  新增banner:91eb6906
DEBUG market 2014-08-29 18:03:43 ./market/recommend.py recommend 547  删除banner:15
DEBUG market 2014-08-29 18:03:47 ./market/recommend.py recommend 547  删除banner:13
DEBUG market 2014-08-29 18:03:57 ./market/recommend.py recommend 547  删除banner:16
DEBUG market 2014-08-29 18:04:15 ./market/topic.py topic 44  发布数据
DEBUG market 2014-08-29 18:17:34 ./market/topic.py topic 44  发布数据
DEBUG market 2014-08-29 18:42:31 ./game/views.py views 255  修改d13e61ef的信息
DEBUG market 2014-08-29 18:43:47 ./game/views.py views 255  修改81f200fd的信息
DEBUG market 2014-08-29 18:43:52 ./market/topic.py topic 44  发布数据
DEBUG market 2014-08-29 18:44:06 ./game/views.py views 255  修改81f200fd的信息
DEBUG market 2014-08-29 18:44:17 ./game/views.py views 255  修改91eb6906的信息
DEBUG market 2014-08-29 18:44:21 ./market/topic.py topic 44  发布数据
DEBUG market 2014-08-29 18:44:36 ./game/views.py views 255  修改1b9f928a的信息
DEBUG market 2014-08-29 18:44:37 ./game/views.py views 255  修改91eb6906的信息
DEBUG market 2014-08-29 18:44:39 ./market/topic.py topic 44  发布数据
DEBUG market 2014-08-29 18:44:56 ./game/views.py views 255  修改e9cef25c的信息
DEBUG market 2014-08-29 18:45:00 ./market/topic.py topic 44  发布数据
DEBUG market 2014-08-29 18:45:16 ./game/views.py views 255  修改42b4f4e5的信息
DEBUG market 2014-08-29 18:45:19 ./market/topic.py topic 44  发布数据
DEBUG market 2014-08-29 18:45:38 ./game/views.py views 255  修改04969b13的信息
DEBUG market 2014-08-29 18:45:41 ./market/topic.py topic 44  发布数据
DEBUG market 2014-08-29 18:46:01 ./game/views.py views 255  修改bc47a44d的信息
DEBUG market 2014-08-29 18:46:04 ./market/topic.py topic 44  发布数据
DEBUG market 2014-08-29 18:46:29 ./game/views.py views 255  修改7b2e89f3的信息
DEBUG market 2014-08-29 18:46:31 ./market/topic.py topic 44  发布数据
DEBUG market 2014-08-29 18:46:53 ./game/views.py views 255  修改7a7bd43c的信息
DEBUG market 2014-08-29 18:46:56 ./market/topic.py topic 44  发布数据
DEBUG market 2014-08-29 18:47:47 ./game/views.py views 255  修改532897f4的信息
DEBUG market 2014-08-29 18:47:51 ./market/topic.py topic 44  发布数据
DEBUG market 2014-08-29 18:48:27 ./game/views.py views 255  修改d13e61ef的信息
DEBUG market 2014-08-29 18:48:30 ./market/topic.py topic 44  发布数据
DEBUG market 2014-08-29 18:51:40 ./market/recommend.py recommend 414  新增banner:f4f43dd6
DEBUG market 2014-08-29 18:51:50 ./market/topic.py topic 44  发布数据
DEBUG market 2014-08-29 19:23:01 ./market/topic.py topic 57  同步数据
DEBUG market 2014-08-29 19:30:11 ./market/topic.py topic 44  发布数据
DEBUG market 2014-08-29 19:30:44 ./market/topic.py topic 44  发布数据
DEBUG market 2014-08-29 19:31:31 ./market/topic.py topic 44  发布数据
DEBUG market 2014-08-29 19:32:37 ./market/topic.py topic 44  发布数据
DEBUG market 2014-08-29 19:34:24 ./market/recommend.py recommend 547  删除banner:20
DEBUG market 2014-08-29 19:35:37 ./market/recommend.py recommend 414  新增banner:f4f43dd6
DEBUG market 2014-08-29 19:37:06 ./market/recommend.py recommend 547  删除banner:21
DEBUG market 2014-08-29 19:37:27 ./market/topic.py topic 44  发布数据
DEBUG market 2014-08-29 19:39:19 ./market/recommend.py recommend 414  新增banner:f4f43dd6
DEBUG market 2014-08-29 19:39:26 ./market/topic.py topic 44  发布数据
DEBUG market 2014-08-29 19:41:26 ./market/topic.py topic 44  发布数据
DEBUG market 2014-08-29 19:43:10 ./market/topic.py topic 44  发布数据
DEBUG market 2014-08-29 20:05:03 ./market/recommend.py recommend 124  删除推荐列表的游戏:a66a188a
DEBUG market 2014-09-01 10:35:02 ./game/views.py views 255  修改278e4ea9的信息
DEBUG market 2014-09-01 10:35:07 ./market/topic.py topic 44  发布数据
DEBUG market 2014-09-01 10:35:52 ./game/views.py views 255  修改91373326的信息
DEBUG market 2014-09-01 10:35:57 ./market/topic.py topic 44  发布数据
DEBUG market 2014-09-01 10:36:35 ./game/views.py views 255  修改7719cbe2的信息
DEBUG market 2014-09-01 10:36:38 ./market/topic.py topic 44  发布数据
DEBUG market 2014-09-01 10:37:11 ./game/views.py views 255  修改b68543b3的信息
DEBUG market 2014-09-01 10:37:14 ./market/topic.py topic 44  发布数据
DEBUG market 2014-09-01 10:38:12 ./game/views.py views 255  修改5ef265bd的信息
DEBUG market 2014-09-01 10:38:15 ./market/topic.py topic 44  发布数据
DEBUG market 2014-09-01 10:38:48 ./game/views.py views 255  修改b2fab099的信息
DEBUG market 2014-09-01 10:38:51 ./market/topic.py topic 44  发布数据
DEBUG market 2014-09-01 10:43:01 ./game/views.py views 255  修改b49ce4a1的信息
DEBUG market 2014-09-01 10:43:05 ./market/topic.py topic 44  发布数据
DEBUG market 2014-09-01 10:50:57 ./game/views.py views 255  修改0aead988的信息
DEBUG market 2014-09-01 10:51:00 ./market/topic.py topic 44  发布数据
DEBUG market 2014-09-01 10:53:43 ./game/views.py views 255  修改b0d015fa的信息
DEBUG market 2014-09-01 10:53:46 ./market/topic.py topic 44  发布数据
DEBUG market 2014-09-01 10:54:38 ./game/views.py views 255  修改db263bf6的信息
DEBUG market 2014-09-01 10:54:41 ./market/topic.py topic 44  发布数据
DEBUG market 2014-09-01 10:56:21 ./game/views.py views 255  修改ba4a0fd1的信息
DEBUG market 2014-09-01 10:56:24 ./market/topic.py topic 44  发布数据
DEBUG market 2014-09-01 10:58:00 ./game/views.py views 255  修改f4ada557的信息
DEBUG market 2014-09-01 10:58:03 ./market/topic.py topic 44  发布数据
DEBUG market 2014-09-01 10:59:16 ./game/views.py views 255  修改81f200fd的信息
DEBUG market 2014-09-01 10:59:20 ./market/topic.py topic 44  发布数据
DEBUG market 2014-09-01 11:15:57 ./game/views.py views 255  修改bc47a44d的信息
DEBUG market 2014-09-01 11:16:01 ./market/topic.py topic 44  发布数据
DEBUG market 2014-09-01 11:24:39 ./game/views.py views 255  修改bc47a44d的信息
DEBUG market 2014-09-01 11:24:43 ./market/topic.py topic 44  发布数据
DEBUG market 2014-09-01 11:25:24 ./game/views.py views 255  修改91eb6906的信息
DEBUG market 2014-09-01 11:25:28 ./market/topic.py topic 44  发布数据
DEBUG market 2014-09-01 11:26:17 ./game/views.py views 255  修改1cc05f45的信息
DEBUG market 2014-09-01 11:26:20 ./market/topic.py topic 44  发布数据
DEBUG market 2014-09-01 11:27:29 ./game/views.py views 255  修改e9cef25c的信息
DEBUG market 2014-09-01 11:27:33 ./market/topic.py topic 44  发布数据
DEBUG market 2014-09-01 11:28:12 ./game/views.py views 255  修改d13e61ef的信息
DEBUG market 2014-09-01 11:28:15 ./market/topic.py topic 44  发布数据
DEBUG market 2014-09-01 11:28:54 ./game/views.py views 255  修改42b4f4e5的信息
DEBUG market 2014-09-01 11:28:57 ./market/topic.py topic 44  发布数据
DEBUG market 2014-09-01 11:29:47 ./game/views.py views 255  修改1b9f928a的信息
DEBUG market 2014-09-01 11:29:50 ./market/topic.py topic 44  发布数据
DEBUG market 2014-09-01 11:30:36 ./game/views.py views 255  修改04969b13的信息
DEBUG market 2014-09-01 11:30:39 ./market/topic.py topic 44  发布数据
DEBUG market 2014-09-01 11:31:56 ./game/views.py views 255  修改7b2e89f3的信息
DEBUG market 2014-09-01 11:31:59 ./market/topic.py topic 44  发布数据
DEBUG market 2014-09-01 11:33:18 ./game/views.py views 255  修改7cd1097e的信息
DEBUG market 2014-09-01 11:33:20 ./game/views.py views 255  修改7cd1097e的信息
DEBUG market 2014-09-01 11:33:25 ./market/topic.py topic 44  发布数据
DEBUG market 2014-09-01 11:35:26 ./game/views.py views 255  修改7cd1097e的信息
DEBUG market 2014-09-01 11:35:30 ./market/topic.py topic 44  发布数据
DEBUG market 2014-09-01 11:36:58 ./game/views.py views 255  修改9113d59e的信息
DEBUG market 2014-09-01 11:37:01 ./market/topic.py topic 44  发布数据
DEBUG market 2014-09-01 11:39:42 ./game/views.py views 255  修改189471c9的信息
DEBUG market 2014-09-01 11:39:45 ./market/topic.py topic 44  发布数据
DEBUG market 2014-09-01 11:40:48 ./game/views.py views 255  修改f83ddd5e的信息
DEBUG market 2014-09-01 11:40:51 ./market/topic.py topic 44  发布数据
DEBUG market 2014-09-01 11:46:34 ./game/views.py views 255  修改f83ddd5e的信息
DEBUG market 2014-09-01 11:46:43 ./market/topic.py topic 44  发布数据
DEBUG market 2014-09-01 11:48:17 ./game/views.py views 255  修改f83ddd5e的信息
DEBUG market 2014-09-01 11:48:19 ./market/topic.py topic 44  发布数据
DEBUG market 2014-09-01 11:49:06 ./game/views.py views 255  修改fd26bef2的信息
DEBUG market 2014-09-01 11:49:09 ./market/topic.py topic 44  发布数据
DEBUG market 2014-09-01 11:50:24 ./game/views.py views 255  修改7a7bd43c的信息
DEBUG market 2014-09-01 11:50:27 ./market/topic.py topic 44  发布数据
DEBUG market 2014-09-01 11:51:10 ./game/views.py views 255  修改980ea15d的信息
DEBUG market 2014-09-01 11:51:13 ./market/topic.py topic 44  发布数据
DEBUG market 2014-09-01 11:52:08 ./game/views.py views 255  修改532897f4的信息
DEBUG market 2014-09-01 11:52:10 ./market/topic.py topic 44  发布数据
DEBUG market 2014-09-01 11:52:46 ./game/views.py views 255  修改12c1a036的信息
DEBUG market 2014-09-01 11:52:49 ./market/topic.py topic 44  发布数据
DEBUG market 2014-09-01 11:53:20 ./game/views.py views 255  修改23b0482e的信息
DEBUG market 2014-09-01 11:53:23 ./market/topic.py topic 44  发布数据
DEBUG market 2014-09-01 11:53:56 ./game/views.py views 255  修改b7393d01的信息
DEBUG market 2014-09-01 11:53:58 ./market/topic.py topic 44  发布数据
DEBUG market 2014-09-01 11:54:33 ./game/views.py views 255  修改1a30aec3的信息
DEBUG market 2014-09-01 11:54:36 ./market/topic.py topic 44  发布数据
DEBUG market 2014-09-01 13:42:05 ./game/views.py views 83  增加702c926f截图:
DEBUG market 2014-09-02 18:00:29 ./game/views.py views 255 向晓玮 修改702c926f的信息
DEBUG market 2014-09-02 18:00:41 ./game/views.py views 255 向晓玮 修改702c926f的信息
DEBUG market 2014-09-02 18:04:46 ./game/views.py views 255  修改702c926f的信息
DEBUG market 2014-09-02 18:04:51 ./market/topic.py topic 44  发布数据
DEBUG market 2014-09-02 19:04:26 ./market/topic.py topic 57  同步数据
DEBUG market 2014-09-02 19:13:32 ./market/topic.py topic 57  同步数据
DEBUG market 2014-09-02 19:21:03 ./market/topic.py topic 57  同步数据
DEBUG market 2014-09-02 19:39:23 ./market/topic.py topic 57 向晓玮 同步数据
DEBUG market 2014-09-03 10:26:27 ./market/topic.py topic 57  同步数据
DEBUG market 2014-09-03 14:03:55 ./game/views.py views 255  修改4f647eab的信息
DEBUG market 2014-09-03 14:04:00 ./market/topic.py topic 44  发布数据
DEBUG market 2014-09-03 14:04:06 ./market/topic.py topic 44  发布数据
DEBUG market 2014-09-03 14:26:33 ./game/views.py views 255  修改4f647eab的信息
DEBUG market 2014-09-03 14:26:38 ./market/topic.py topic 44  发布数据
DEBUG market 2014-09-03 14:32:51 ./game/views.py views 255  修改0176bcc6的信息
DEBUG market 2014-09-03 14:32:55 ./market/topic.py topic 44  发布数据
DEBUG market 2014-09-03 14:33:27 ./game/views.py views 255  修改0176bcc6的信息
DEBUG market 2014-09-03 14:33:30 ./market/topic.py topic 44  发布数据
DEBUG market 2014-09-03 14:34:44 ./game/views.py views 255  修改0d9cc8ec的信息
DEBUG market 2014-09-03 14:34:47 ./market/topic.py topic 44  发布数据
DEBUG market 2014-09-03 16:20:48 ./game/views.py views 255  修改23b0482e的信息
DEBUG market 2014-09-03 16:20:51 ./market/topic.py topic 47  发布数据
DEBUG market 2014-09-03 19:50:11 ./market/topic.py topic 60  同步数据
DEBUG market 2014-09-05 18:38:19 ./market/topic.py topic 419  删除专题60的游戏列表:5c362b68
DEBUG market 2014-09-05 18:57:29 ./market/topic.py topic 47  发布数据
DEBUG market 2014-09-05 21:20:55 ./market/topic.py topic 60  同步数据
DEBUG market 2014-09-05 21:28:04 ./market/topic.py topic 60  同步数据
DEBUG market 2014-09-05 21:35:09 ./market/topic.py topic 60  同步数据
DEBUG market 2014-09-05 21:47:25 ./market/topic.py topic 177  新增专题:61
DEBUG market 2014-09-05 21:49:24 ./market/topic.py topic 400  新增专题61的游戏列表:4bf7b930
DEBUG market 2014-09-05 21:50:10 ./market/topic.py topic 211  禁用专题:61
DEBUG market 2014-09-05 21:53:28 ./market/topic.py topic 400  新增专题61的游戏列表:a2b4d811
DEBUG market 2014-09-05 21:53:43 ./market/topic.py topic 400  新增专题61的游戏列表:8c1be0d0
DEBUG market 2014-09-05 21:53:55 ./market/topic.py topic 400  新增专题61的游戏列表:3f0647e5
DEBUG market 2014-09-05 21:54:06 ./market/topic.py topic 400  新增专题61的游戏列表:7628831a
DEBUG market 2014-09-05 21:54:14 ./market/topic.py topic 400  新增专题61的游戏列表:7ccd765a
DEBUG market 2014-09-05 21:54:21 ./market/topic.py topic 400  新增专题61的游戏列表:8e559186
DEBUG market 2014-09-05 21:54:29 ./market/topic.py topic 400  新增专题61的游戏列表:be87fe61
DEBUG market 2014-09-05 21:54:40 ./market/topic.py topic 400  新增专题61的游戏列表:d2cb927b
DEBUG market 2014-09-05 21:54:46 ./market/topic.py topic 400  新增专题61的游戏列表:dc4b7574
DEBUG market 2014-09-05 21:54:56 ./market/topic.py topic 400  新增专题61的游戏列表:f2e209a2
DEBUG market 2014-09-05 21:55:07 ./market/topic.py topic 400  新增专题61的游戏列表:f7493db2
DEBUG market 2014-09-05 21:55:23 ./market/topic.py topic 400  新增专题61的游戏列表:12fc66a5
DEBUG market 2014-09-05 21:55:31 ./market/topic.py topic 400  新增专题61的游戏列表:19defbd9
DEBUG market 2014-09-05 21:55:36 ./market/topic.py topic 400  新增专题61的游戏列表:291152fb
DEBUG market 2014-09-05 21:55:43 ./market/topic.py topic 400  新增专题61的游戏列表:31f79e0a
DEBUG market 2014-09-05 21:55:49 ./market/topic.py topic 400  新增专题61的游戏列表:3204dd16
DEBUG market 2014-09-05 21:55:59 ./market/topic.py topic 400  新增专题61的游戏列表:659086c5
DEBUG market 2014-09-05 21:56:05 ./market/topic.py topic 400  新增专题61的游戏列表:66975c95
DEBUG market 2014-09-05 21:56:11 ./market/topic.py topic 400  新增专题61的游戏列表:742e2a82
DEBUG market 2014-09-05 21:56:17 ./market/topic.py topic 400  新增专题61的游戏列表:7e6d9cc1
DEBUG market 2014-09-05 21:56:24 ./market/topic.py topic 400  新增专题61的游戏列表:854cfc3b
DEBUG market 2014-09-05 21:56:33 ./market/topic.py topic 400  新增专题61的游戏列表:917af9a3
DEBUG market 2014-09-05 21:57:05 ./game/views.py views 255  修改917af9a3的信息
DEBUG market 2014-09-05 21:57:20 ./market/topic.py topic 400  新增专题61的游戏列表:94e31adf
DEBUG market 2014-09-05 21:57:28 ./market/topic.py topic 400  新增专题61的游戏列表:a06b0584
DEBUG market 2014-09-05 21:57:33 ./market/topic.py topic 400  新增专题61的游戏列表:a82047dc
DEBUG market 2014-09-05 21:57:40 ./market/topic.py topic 400  新增专题61的游戏列表:aaff36dd
DEBUG market 2014-09-05 21:57:46 ./market/topic.py topic 400  新增专题61的游戏列表:b7276996
DEBUG market 2014-09-05 21:57:55 ./market/topic.py topic 400  新增专题61的游戏列表:d133eca9
DEBUG market 2014-09-05 21:58:12 ./market/topic.py topic 400  新增专题61的游戏列表:089d70cd
DEBUG market 2014-09-05 21:58:18 ./market/topic.py topic 400  新增专题61的游戏列表:21b2ad01
DEBUG market 2014-09-05 21:58:24 ./market/topic.py topic 400  新增专题61的游戏列表:2e405f19
DEBUG market 2014-09-05 21:58:30 ./market/topic.py topic 400  新增专题61的游戏列表:5f2fe998
DEBUG market 2014-09-05 21:58:36 ./market/topic.py topic 400  新增专题61的游戏列表:6204c806
DEBUG market 2014-09-05 21:58:43 ./market/topic.py topic 400  新增专题61的游戏列表:a8010652
DEBUG market 2014-09-05 21:58:50 ./market/topic.py topic 400  新增专题61的游戏列表:aca81671
DEBUG market 2014-09-05 21:58:56 ./market/topic.py topic 400  新增专题61的游戏列表:b5b23f1d
DEBUG market 2014-09-05 21:59:02 ./market/topic.py topic 400  新增专题61的游戏列表:da5c4367
DEBUG market 2014-09-05 21:59:10 ./market/topic.py topic 400  新增专题61的游戏列表:f44f1ae3
DEBUG market 2014-09-05 21:59:24 ./market/topic.py topic 400  新增专题61的游戏列表:06cc716b
DEBUG market 2014-09-05 21:59:32 ./market/topic.py topic 400  新增专题61的游戏列表:8b0ba0a8
DEBUG market 2014-09-05 21:59:37 ./market/topic.py topic 400  新增专题61的游戏列表:b88a5b06
DEBUG market 2014-09-05 21:59:48 ./market/topic.py topic 400  新增专题61的游戏列表:44cc7516
DEBUG market 2014-09-05 22:00:06 ./market/topic.py topic 400  新增专题61的游戏列表:347e022c
DEBUG market 2014-09-05 22:11:56 ./market/recommend.py recommend 100  新增推荐列表的游戏:a2b4d811
DEBUG market 2014-09-05 22:12:20 ./market/recommend.py recommend 100  新增推荐列表的游戏:8c1be0d0
DEBUG market 2014-09-05 22:12:32 ./market/recommend.py recommend 100  新增推荐列表的游戏:7ccd765a
DEBUG market 2014-09-05 22:12:47 ./market/recommend.py recommend 100  新增推荐列表的游戏:dc4b7574
DEBUG market 2014-09-05 22:12:56 ./market/recommend.py recommend 100  新增推荐列表的游戏:f7493db2
DEBUG market 2014-09-05 22:13:12 ./market/recommend.py recommend 100  新增推荐列表的游戏:12fc66a5
DEBUG market 2014-09-05 22:13:21 ./market/recommend.py recommend 100  新增推荐列表的游戏:3204dd16
DEBUG market 2014-09-05 22:13:31 ./market/recommend.py recommend 100  新增推荐列表的游戏:a82047dc
DEBUG market 2014-09-05 22:13:51 ./market/recommend.py recommend 100  新增推荐列表的游戏:2e405f19
DEBUG market 2014-09-05 22:14:08 ./market/recommend.py recommend 100  新增推荐列表的游戏:aca81671
DEBUG market 2014-09-05 22:14:47 ./market/recommend.py recommend 100  新增推荐列表的游戏:4bf7b930
DEBUG market 2014-09-05 22:15:08 ./market/recommend.py recommend 124  删除推荐列表的游戏:7983caf9
DEBUG market 2014-09-05 22:15:15 ./market/recommend.py recommend 124  删除推荐列表的游戏:8c1be0d0
DEBUG market 2014-09-05 22:15:44 ./market/topic.py topic 47  发布数据
DEBUG market 2014-09-05 22:15:51 ./market/topic.py topic 211  禁用专题:61
DEBUG market 2014-09-05 22:15:56 ./market/topic.py topic 193  启用专题:61
DEBUG market 2014-09-05 22:16:09 ./market/topic.py topic 47  发布数据
DEBUG market 2014-09-05 22:16:34 ./market/recommend.py recommend 423  新增banner:61
DEBUG market 2014-09-05 22:16:53 ./market/recommend.py recommend 547  删除banner:19
DEBUG market 2014-09-05 22:19:40 ./game/views.py views 255  修改a2b4d811的信息
DEBUG market 2014-09-05 22:20:07 ./game/views.py views 255  修改8c1be0d0的信息
DEBUG market 2014-09-05 22:20:31 ./game/views.py views 255  修改3f0647e5的信息
DEBUG market 2014-09-05 22:20:47 ./game/views.py views 255  修改3f0647e5的信息
DEBUG market 2014-09-05 22:20:54 ./game/views.py views 255  修改7628831a的信息
DEBUG market 2014-09-05 22:21:09 ./game/views.py views 255  修改7628831a的信息
DEBUG market 2014-09-05 22:21:25 ./game/views.py views 255  修改8e559186的信息
DEBUG market 2014-09-05 22:21:51 ./game/views.py views 255  修改a8c662dd的信息
DEBUG market 2014-09-05 22:21:59 ./game/views.py views 255  修改be87fe61的信息
DEBUG market 2014-09-05 22:22:06 ./game/views.py views 255  修改d2cb927b的信息
DEBUG market 2014-09-05 22:22:32 ./game/views.py views 255  修改dc4b7574的信息
DEBUG market 2014-09-05 22:22:47 ./game/views.py views 255  修改f2e209a2的信息
DEBUG market 2014-09-05 22:22:58 ./game/views.py views 255  修改f7493db2的信息
DEBUG market 2014-09-05 22:23:44 ./game/views.py views 255  修改12fc66a5的信息
DEBUG market 2014-09-05 22:24:14 ./game/views.py views 255  修改19defbd9的信息
DEBUG market 2014-09-05 22:24:32 ./game/views.py views 255  修改291152fb的信息
DEBUG market 2014-09-05 22:25:00 ./game/views.py views 255  修改31f79e0a的信息
DEBUG market 2014-09-05 22:25:20 ./game/views.py views 255  修改3204dd16的信息
DEBUG market 2014-09-05 22:26:59 ./game/views.py views 255  修改659086c5的信息
DEBUG market 2014-09-05 22:27:20 ./game/views.py views 255  修改66975c95的信息
DEBUG market 2014-09-05 22:27:59 ./game/views.py views 255  修改742e2a82的信息
DEBUG market 2014-09-05 22:28:11 ./game/views.py views 255  修改7e6d9cc1的信息
DEBUG market 2014-09-05 22:28:37 ./game/views.py views 255  修改854cfc3b的信息
DEBUG market 2014-09-05 22:29:03 ./game/views.py views 255  修改917af9a3的信息
DEBUG market 2014-09-05 22:29:47 ./game/views.py views 255  修改94e31adf的信息
DEBUG market 2014-09-05 22:30:24 ./game/views.py views 255  修改a06b0584的信息
DEBUG market 2014-09-05 22:30:32 ./game/views.py views 255  修改a06b0584的信息
DEBUG market 2014-09-05 22:30:48 ./game/views.py views 255  修改a82047dc的信息
DEBUG market 2014-09-05 22:31:10 ./game/views.py views 255  修改aaff36dd的信息
DEBUG market 2014-09-05 22:31:22 ./game/views.py views 255  修改b7276996的信息
DEBUG market 2014-09-05 22:31:32 ./game/views.py views 255  修改d133eca9的信息
DEBUG market 2014-09-05 22:32:16 ./game/views.py views 255  修改089d70cd的信息
DEBUG market 2014-09-05 22:32:57 ./game/views.py views 255  修改21b2ad01的信息
DEBUG market 2014-09-05 22:33:12 ./game/views.py views 255  修改2e405f19的信息
DEBUG market 2014-09-05 22:33:36 ./game/views.py views 255  修改5f2fe998的信息
DEBUG market 2014-09-05 22:34:00 ./game/views.py views 255  修改6204c806的信息
DEBUG market 2014-09-05 22:34:42 ./game/views.py views 255  修改a8010652的信息
DEBUG market 2014-09-05 22:35:13 ./game/views.py views 255  修改aca81671的信息
DEBUG market 2014-09-05 22:35:49 ./game/views.py views 255  修改b5b23f1d的信息
DEBUG market 2014-09-05 22:36:22 ./game/views.py views 255  修改da5c4367的信息
DEBUG market 2014-09-05 22:37:08 ./game/views.py views 255  修改f44f1ae3的信息
DEBUG market 2014-09-05 22:37:53 ./game/views.py views 255  修改06cc716b的信息
DEBUG market 2014-09-05 22:38:05 ./game/views.py views 255  修改8b0ba0a8的信息
DEBUG market 2014-09-05 22:38:20 ./game/views.py views 255  修改b88a5b06的信息
DEBUG market 2014-09-05 22:38:37 ./game/views.py views 255  修改44cc7516的信息
DEBUG market 2014-09-05 22:39:03 ./game/views.py views 255  修改4bf7b930的信息
DEBUG market 2014-09-05 22:39:10 ./game/views.py views 255  修改347e022c的信息
DEBUG market 2014-09-05 22:40:13 ./market/recommend.py recommend 124  删除推荐列表的游戏:522f03f2
DEBUG market 2014-09-05 22:42:42 ./market/topic.py topic 47  发布数据
DEBUG market 2014-09-05 22:45:10 ./game/views.py views 255  修改7ccd765a的信息
DEBUG market 2014-09-05 22:45:21 ./market/topic.py topic 47  发布数据
DEBUG market 2014-09-05 22:45:46 ./game/views.py views 255  修改be87fe61的信息
DEBUG market 2014-09-06 09:06:24 ./market/topic.py topic 47  发布数据
DEBUG market 2014-09-06 09:07:43 ./market/topic.py topic 47  发布数据
DEBUG market 2014-09-06 09:07:58 ./market/topic.py topic 47  发布数据
DEBUG market 2014-09-06 11:12:37 ./game/views.py views 255  修改a2b4d811的信息
DEBUG market 2014-09-06 11:14:32 ./game/views.py views 255  修改06cc716b的信息
DEBUG market 2014-09-06 11:15:19 ./game/views.py views 255  修改06cc716b的信息
DEBUG market 2014-09-06 11:45:39 ./game/views.py views 255  修改8c1be0d0的信息
DEBUG market 2014-09-06 11:45:41 ./game/views.py views 255  修改8c1be0d0的信息
DEBUG market 2014-09-06 11:51:44 ./game/views.py views 255  修改d133eca9的信息
DEBUG market 2014-09-06 11:51:46 ./game/views.py views 255  修改d133eca9的信息
DEBUG market 2014-09-06 11:52:12 ./game/views.py views 255  修改b7276996的信息
DEBUG market 2014-09-06 11:52:39 ./game/views.py views 255  修改aaff36dd的信息
DEBUG market 2014-09-06 11:53:11 ./game/views.py views 255  修改a82047dc的信息
DEBUG market 2014-09-06 11:53:39 ./game/views.py views 255  修改3204dd16的信息
DEBUG market 2014-09-06 11:53:43 ./game/views.py views 255  修改a06b0584的信息
DEBUG market 2014-09-06 11:53:47 ./game/views.py views 255  修改f7493db2的信息
DEBUG market 2014-09-06 11:54:11 ./game/views.py views 255  修改94e31adf的信息
DEBUG market 2014-09-06 11:55:20 ./game/views.py views 255  修改917af9a3的信息
DEBUG market 2014-09-06 11:56:04 ./game/views.py views 255  修改854cfc3b的信息
DEBUG market 2014-09-06 11:56:27 ./game/views.py views 255  修改7e6d9cc1的信息
DEBUG market 2014-09-06 11:56:32 ./game/views.py views 255  修改7e6d9cc1的信息
DEBUG market 2014-09-06 11:56:54 ./game/views.py views 255  修改742e2a82的信息
DEBUG market 2014-09-06 11:57:20 ./game/views.py views 255  修改66975c95的信息
DEBUG market 2014-09-06 11:57:38 ./game/views.py views 255  修改659086c5的信息
DEBUG market 2014-09-06 11:58:16 ./game/views.py views 255  修改3204dd16的信息
DEBUG market 2014-09-06 11:58:49 ./game/views.py views 255  修改31f79e0a的信息
DEBUG market 2014-09-06 11:58:51 ./game/views.py views 255  修改31f79e0a的信息
DEBUG market 2014-09-06 11:59:25 ./game/views.py views 255  修改291152fb的信息
DEBUG market 2014-09-06 11:59:53 ./game/views.py views 255  修改19defbd9的信息
DEBUG market 2014-09-06 12:00:35 ./game/views.py views 255  修改12fc66a5的信息
DEBUG market 2014-09-06 12:01:07 ./game/views.py views 255  修改f7493db2的信息
DEBUG market 2014-09-06 12:02:13 ./game/views.py views 255  修改f2e209a2的信息
DEBUG market 2014-09-06 12:02:42 ./game/views.py views 255  修改dc4b7574的信息
DEBUG market 2014-09-06 12:03:04 ./game/views.py views 255  修改d2cb927b的信息
DEBUG market 2014-09-06 12:03:33 ./game/views.py views 255  修改be87fe61的信息
DEBUG market 2014-09-06 12:04:11 ./game/views.py views 255  修改8e559186的信息
DEBUG market 2014-09-06 12:04:30 ./game/views.py views 255  修改a8c662dd的信息
DEBUG market 2014-09-06 12:04:55 ./game/views.py views 255  修改7ccd765a的信息
DEBUG market 2014-09-06 12:05:26 ./game/views.py views 255  修改7628831a的信息
DEBUG market 2014-09-06 12:06:16 ./game/views.py views 255  修改3f0647e5的信息
DEBUG market 2014-09-06 12:11:28 ./game/views.py views 255  修改347e022c的信息
DEBUG market 2014-09-06 12:11:51 ./game/views.py views 255  修改4bf7b930的信息
DEBUG market 2014-09-06 12:12:31 ./game/views.py views 255  修改06cc716b的信息
DEBUG market 2014-09-06 12:12:55 ./game/views.py views 255  修改b88a5b06的信息
DEBUG market 2014-09-06 12:13:22 ./game/views.py views 255  修改f44f1ae3的信息
DEBUG market 2014-09-06 12:13:39 ./game/views.py views 255  修改da5c4367的信息
DEBUG market 2014-09-06 12:13:59 ./game/views.py views 255  修改b5b23f1d的信息
DEBUG market 2014-09-06 12:14:16 ./game/views.py views 255  修改aca81671的信息
DEBUG market 2014-09-06 12:14:39 ./game/views.py views 255  修改a8010652的信息
DEBUG market 2014-09-06 12:14:58 ./game/views.py views 255  修改6204c806的信息
DEBUG market 2014-09-06 12:15:36 ./game/views.py views 255  修改5f2fe998的信息
DEBUG market 2014-09-06 12:16:13 ./game/views.py views 255  修改2e405f19的信息
DEBUG market 2014-09-06 12:16:28 ./game/views.py views 255  修改21b2ad01的信息
DEBUG market 2014-09-06 12:16:52 ./game/views.py views 255  修改089d70cd的信息
DEBUG market 2014-09-06 12:18:43 ./game/views.py views 255  修改8b0ba0a8的信息
DEBUG market 2014-09-06 12:18:54 ./market/topic.py topic 47  发布数据
DEBUG market 2014-09-06 12:26:34 ./market/recommend.py recommend 414  新增banner:3e73c512
DEBUG market 2014-09-06 12:26:55 ./market/topic.py topic 47  发布数据
DEBUG market 2014-09-07 13:08:21 ./market/topic.py topic 47  发布数据
DEBUG market 2014-09-07 16:16:51 ./game/views.py views 255  修改4bf7b930的信息
DEBUG market 2014-09-07 16:17:03 ./market/topic.py topic 47  发布数据
DEBUG market 2014-09-07 16:20:22 ./game/views.py views 255  修改4bf7b930的信息
DEBUG market 2014-09-07 16:20:32 ./market/topic.py topic 47  发布数据
DEBUG market 2014-09-07 16:22:29 ./game/views.py views 255  修改4bf7b930的信息
DEBUG market 2014-09-07 16:22:38 ./market/topic.py topic 47  发布数据
DEBUG market 2014-09-07 16:26:06 ./game/views.py views 255  修改3e73c512的信息
DEBUG market 2014-09-07 16:26:17 ./market/topic.py topic 47  发布数据
DEBUG market 2014-09-07 16:28:09 ./game/views.py views 255  修改a2b4d811的信息
DEBUG market 2014-09-07 16:28:18 ./market/topic.py topic 47  发布数据
DEBUG market 2014-09-07 16:29:19 ./game/views.py views 255  修改3204dd16的信息
DEBUG market 2014-09-07 16:29:28 ./market/topic.py topic 47  发布数据
DEBUG market 2014-09-07 16:31:32 ./game/views.py views 255  修改7628831a的信息
DEBUG market 2014-09-07 16:31:41 ./market/topic.py topic 47  发布数据
DEBUG market 2014-09-07 16:32:21 ./game/views.py views 255  修改7628831a的信息
DEBUG market 2014-09-07 16:32:31 ./market/topic.py topic 47  发布数据
DEBUG market 2014-09-07 16:33:44 ./game/views.py views 255  修改b7276996的信息
DEBUG market 2014-09-07 16:33:53 ./market/topic.py topic 47  发布数据
DEBUG market 2014-09-07 20:27:18 ./game/views.py views 255  修改4bf7b930的信息
DEBUG market 2014-09-07 20:27:28 ./market/topic.py topic 47  发布数据
DEBUG market 2014-09-07 20:48:02 ./game/views.py views 255  修改12fc66a5的信息
DEBUG market 2014-09-07 20:48:13 ./market/topic.py topic 47  发布数据
DEBUG market 2014-09-07 20:49:06 ./game/views.py views 255  修改12fc66a5的信息
DEBUG market 2014-09-07 20:49:17 ./market/topic.py topic 47  发布数据
DEBUG market 2014-09-07 20:59:18 ./game/views.py views 255  修改12fc66a5的信息
DEBUG market 2014-09-07 20:59:29 ./market/topic.py topic 47  发布数据
DEBUG market 2014-09-09 11:31:50 ./game/views.py views 255  修改aaff36dd的信息
DEBUG market 2014-09-09 11:36:48 ./game/views.py views 255  修改b88a5b06的信息
DEBUG market 2014-09-09 11:38:15 ./game/views.py views 255  修改da5c4367的信息
DEBUG market 2014-09-09 11:40:11 ./game/views.py views 255  修改12fc66a5的信息
DEBUG market 2014-09-09 11:46:59 ./game/views.py views 255  修改659086c5的信息
DEBUG market 2014-09-09 11:47:04 ./game/views.py views 255  修改659086c5的信息
DEBUG market 2014-09-09 11:50:43 ./game/views.py views 255  修改4bf7b930的信息
DEBUG market 2014-09-09 11:51:14 ./game/views.py views 255  修改a06b0584的信息
DEBUG market 2014-09-09 11:53:22 ./game/views.py views 255  修改7628831a的信息
DEBUG market 2014-09-09 11:54:21 ./game/views.py views 255  修改a82047dc的信息
DEBUG market 2014-09-09 11:55:09 ./game/views.py views 255  修改b7276996的信息
DEBUG market 2014-09-09 11:55:55 ./game/views.py views 255  修改7ccd765a的信息
DEBUG market 2014-09-09 11:56:42 ./game/views.py views 255  修改291152fb的信息
DEBUG market 2014-09-09 11:57:07 ./game/views.py views 255  修改3204dd16的信息
DEBUG market 2014-09-09 11:57:34 ./market/topic.py topic 47  发布数据
DEBUG market 2014-09-09 13:46:10 ./market/category.py category 91 向晓玮 新增1分类下的游戏:aa6e8b99
DEBUG market 2014-09-09 13:46:30 ./market/category.py category 91 向晓玮 新增1分类下的游戏:3cde0270
DEBUG market 2014-09-09 13:46:49 ./market/category.py category 91 向晓玮 新增1分类下的游戏:a3a685d9
DEBUG market 2014-09-09 13:47:09 ./market/category.py category 110 向晓玮 删除1分类下的游戏:3cde0270
DEBUG market 2014-09-09 13:47:12 ./market/category.py category 110 向晓玮 删除1分类下的游戏:aa6e8b99
DEBUG market 2014-09-09 13:47:15 ./market/category.py category 110 向晓玮 删除1分类下的游戏:a3a685d9
DEBUG market 2014-09-09 15:45:26 ./market/category.py category 121 向晓玮 删除1分类下的游戏:75e2c304
DEBUG market 2014-09-09 15:46:17 ./market/topic.py topic 47 向晓玮 发布数据
DEBUG market 2014-09-09 17:51:09 ./market/recommend.py recommend 165  删除推荐列表的游戏:cf7b238d
DEBUG market 2014-09-09 17:52:01 ./market/recommend.py recommend 165  删除推荐列表的游戏:7203d4c9
DEBUG market 2014-09-09 17:53:20 ./market/topic.py topic 424  删除专题61的游戏列表:94e31adf
DEBUG market 2014-09-09 17:53:24 ./market/topic.py topic 405  新增专题61的游戏列表:94e31adf
DEBUG market 2014-09-09 17:54:08 ./market/topic.py topic 424  删除专题61的游戏列表:f7493db2
DEBUG market 2014-09-09 17:54:24 ./market/topic.py topic 405  新增专题61的游戏列表:f7493db2
DEBUG market 2014-09-09 17:54:45 ./market/topic.py topic 47  发布数据
DEBUG market 2014-09-09 18:02:00 ./market/topic.py topic 47 向晓玮 发布数据
DEBUG market 2014-09-10 18:24:27 ./game/views.py views 268  修改a2b4d811的信息
DEBUG market 2014-09-10 18:24:43 ./market/topic.py topic 47 向晓玮 发布数据
DEBUG market 2014-09-10 18:58:10 ./market/topic.py topic 47  发布数据
DEBUG market 2014-09-10 20:37:10 ./market/topic.py topic 47  发布数据
DEBUG market 2014-09-10 20:45:27 ./market/topic.py topic 47  发布数据
DEBUG market 2014-09-11 10:53:28 ./market/topic.py topic 60  同步数据
DEBUG market 2014-09-11 10:53:28 ./market/topic.py topic 47  发布数据
DEBUG market 2014-09-11 15:18:02 ./game/views.py views 299  修改12fc66a5的信息
DEBUG market 2014-09-11 15:18:05 ./market/topic.py topic 47  发布数据
DEBUG market 2014-09-11 15:19:39 ./game/views.py views 299  修改b49ce4a1的信息
DEBUG market 2014-09-11 15:19:42 ./market/topic.py topic 47  发布数据
DEBUG market 2014-09-11 15:20:46 ./game/views.py views 299  修改be87fe61的信息
DEBUG market 2014-09-11 15:20:50 ./market/topic.py topic 47  发布数据
DEBUG market 2014-09-11 15:21:25 ./game/views.py views 299  修改4f647eab的信息
DEBUG market 2014-09-11 15:21:29 ./market/topic.py topic 47  发布数据
DEBUG market 2014-09-11 15:22:03 ./game/views.py views 299  修改f7493db2的信息
DEBUG market 2014-09-11 15:22:07 ./market/topic.py topic 47  发布数据
DEBUG market 2014-09-11 15:22:24 ./game/views.py views 299  修改3fe2f3ca的信息
DEBUG market 2014-09-11 15:22:34 ./market/topic.py topic 47  发布数据
DEBUG market 2014-09-11 15:23:00 ./game/views.py views 299  修改917af9a3的信息
DEBUG market 2014-09-11 15:23:03 ./market/topic.py topic 47  发布数据
DEBUG market 2014-09-11 15:24:19 ./game/views.py views 299  修改8c1be0d0的信息
DEBUG market 2014-09-11 15:24:22 ./market/topic.py topic 47  发布数据
DEBUG market 2014-09-11 15:24:32 ./game/views.py views 299  修改659086c5的信息
DEBUG market 2014-09-11 15:24:42 ./market/topic.py topic 47  发布数据
DEBUG market 2014-09-11 15:25:04 ./game/views.py views 299  修改dc4b7574的信息
DEBUG market 2014-09-11 15:25:07 ./market/topic.py topic 47  发布数据
DEBUG market 2014-09-11 15:25:50 ./game/views.py views 299  修改a2b4d811的信息
DEBUG market 2014-09-11 15:25:54 ./market/topic.py topic 47  发布数据
DEBUG market 2014-09-11 15:26:25 ./game/views.py views 299  修改742e2a82的信息
DEBUG market 2014-09-11 15:26:29 ./market/topic.py topic 47  发布数据
DEBUG market 2014-09-11 15:26:31 ./game/views.py views 299  修改6204c806的信息
DEBUG market 2014-09-11 15:26:36 ./market/topic.py topic 47  发布数据
DEBUG market 2014-09-11 15:27:08 ./game/views.py views 299  修改b5b23f1d的信息
DEBUG market 2014-09-11 15:27:25 ./game/views.py views 299  修改b5b23f1d的信息
DEBUG market 2014-09-11 15:27:29 ./market/topic.py topic 47  发布数据
DEBUG market 2014-09-11 15:27:56 ./game/views.py views 299  修改2e405f19的信息
DEBUG market 2014-09-11 15:27:57 ./game/views.py views 299  修改a8010652的信息
DEBUG market 2014-09-11 15:28:00 ./market/topic.py topic 47  发布数据
DEBUG market 2014-09-11 15:28:01 ./market/topic.py topic 47  发布数据
DEBUG market 2014-09-11 15:28:18 ./market/category.py category 121 向晓玮 删除1分类下的游戏:d262bed5
DEBUG market 2014-09-11 15:28:25 ./game/views.py views 299  修改d2cb927b的信息
DEBUG market 2014-09-11 15:28:29 ./market/topic.py topic 47  发布数据
DEBUG market 2014-09-11 15:29:05 ./game/views.py views 299  修改a06b0584的信息
DEBUG market 2014-09-11 15:29:09 ./market/topic.py topic 47  发布数据
DEBUG market 2014-09-11 15:29:15 ./game/views.py views 299  修改291152fb的信息
DEBUG market 2014-09-11 15:29:19 ./market/topic.py topic 47  发布数据
DEBUG market 2014-09-11 15:29:48 ./game/views.py views 299  修改19defbd9的信息
DEBUG market 2014-09-11 15:29:52 ./market/topic.py topic 47  发布数据
DEBUG market 2014-09-11 15:30:21 ./game/views.py views 299  修改7628831a的信息
DEBUG market 2014-09-11 15:30:25 ./market/topic.py topic 47  发布数据
DEBUG market 2014-09-11 15:30:32 ./game/views.py views 299  修改5f2fe998的信息
DEBUG market 2014-09-11 15:30:36 ./market/topic.py topic 47  发布数据
DEBUG market 2014-09-11 15:30:56 ./game/views.py views 299  修改94e31adf的信息
DEBUG market 2014-09-11 15:31:00 ./market/topic.py topic 47  发布数据
DEBUG market 2014-09-11 15:31:25 ./game/views.py views 299  修改7e6d9cc1的信息
DEBUG market 2014-09-11 15:31:29 ./market/topic.py topic 47  发布数据
DEBUG market 2014-09-11 15:31:55 ./game/views.py views 299  修改d133eca9的信息
DEBUG market 2014-09-11 15:31:58 ./market/topic.py topic 47  发布数据
DEBUG market 2014-09-11 15:32:03 ./game/views.py views 299  修改089d70cd的信息
DEBUG market 2014-09-11 15:32:07 ./market/topic.py topic 47  发布数据
DEBUG market 2014-09-11 15:32:39 ./game/views.py views 299  修改f44f1ae3的信息
DEBUG market 2014-09-11 15:32:43 ./market/topic.py topic 47  发布数据
DEBUG market 2014-09-11 15:34:02 ./game/views.py views 299  修改a8c662dd的信息
DEBUG market 2014-09-11 15:34:10 ./market/topic.py topic 47  发布数据
DEBUG market 2014-09-11 15:34:32 ./game/views.py views 299  修改aca81671的信息
DEBUG market 2014-09-11 15:34:35 ./market/topic.py topic 47  发布数据
DEBUG market 2014-09-11 15:35:23 ./game/views.py views 299  修改b7276996的信息
DEBUG market 2014-09-11 15:35:27 ./market/topic.py topic 47  发布数据
DEBUG market 2014-09-11 15:35:36 ./game/views.py views 299  修改44cc7516的信息
DEBUG market 2014-09-11 15:35:41 ./market/topic.py topic 47  发布数据
DEBUG market 2014-09-11 15:35:56 ./game/views.py views 299  修改f2e209a2的信息
DEBUG market 2014-09-11 15:35:59 ./market/topic.py topic 47  发布数据
DEBUG market 2014-09-11 15:36:24 ./game/views.py views 299  修改a82047dc的信息
DEBUG market 2014-09-11 15:36:30 ./market/topic.py topic 47  发布数据
DEBUG market 2014-09-11 15:36:46 ./game/views.py views 299  修改4bf7b930的信息
DEBUG market 2014-09-11 15:36:49 ./market/topic.py topic 47  发布数据
DEBUG market 2014-09-11 15:37:16 ./game/views.py views 299  修改347e022c的信息
DEBUG market 2014-09-11 15:37:20 ./market/topic.py topic 47  发布数据
DEBUG market 2014-09-11 15:37:22 ./game/views.py views 299  修改06cc716b的信息
DEBUG market 2014-09-11 15:37:25 ./market/topic.py topic 47  发布数据
DEBUG market 2014-09-11 15:37:53 ./game/views.py views 299  修改7ccd765a的信息
DEBUG market 2014-09-11 15:37:58 ./market/topic.py topic 47  发布数据
DEBUG market 2014-09-11 15:38:08 ./game/views.py views 299  修改da5c4367的信息
DEBUG market 2014-09-11 15:38:12 ./market/topic.py topic 47  发布数据
DEBUG market 2014-09-11 15:38:30 ./game/views.py views 299  修改8e559186的信息
DEBUG market 2014-09-11 15:38:34 ./market/topic.py topic 47  发布数据
DEBUG market 2014-09-11 15:39:06 ./game/views.py views 299  修改8b0ba0a8的信息
DEBUG market 2014-09-11 15:39:09 ./market/topic.py topic 47  发布数据
DEBUG market 2014-09-11 15:39:17 ./game/views.py views 299  修改aaff36dd的信息
DEBUG market 2014-09-11 15:39:20 ./market/topic.py topic 47  发布数据
DEBUG market 2014-09-11 15:39:34 ./game/views.py views 299  修改66975c95的信息
DEBUG market 2014-09-11 15:39:37 ./market/topic.py topic 47  发布数据
DEBUG market 2014-09-11 15:40:16 ./game/views.py views 299  修改21b2ad01的信息
DEBUG market 2014-09-11 15:40:20 ./market/topic.py topic 47  发布数据
DEBUG market 2014-09-11 15:41:14 ./game/views.py views 299  修改31f79e0a的信息
DEBUG market 2014-09-11 15:41:18 ./market/topic.py topic 47  发布数据
DEBUG market 2014-09-11 15:41:39 ./game/views.py views 299  修改b88a5b06的信息
DEBUG market 2014-09-11 15:41:43 ./market/topic.py topic 47  发布数据
DEBUG market 2014-09-11 15:42:34 ./game/views.py views 299  修改854cfc3b的信息
DEBUG market 2014-09-11 15:42:38 ./market/topic.py topic 47  发布数据
DEBUG market 2014-09-11 15:43:29 ./market/topic.py topic 47  发布数据
DEBUG market 2014-09-11 16:16:39 ./market/category.py category 121  删除1分类下的游戏:d262bed5
DEBUG market 2014-09-11 16:54:38 ./market/topic.py topic 307  删除专题:47
DEBUG market 2014-09-11 16:54:43 ./market/topic.py topic 307  删除专题:51
DEBUG market 2014-09-11 16:54:46 ./market/topic.py topic 307  删除专题:50
DEBUG market 2014-09-11 16:54:49 ./market/topic.py topic 307  删除专题:49
DEBUG market 2014-09-11 16:54:52 ./market/topic.py topic 307  删除专题:48
DEBUG market 2014-09-11 16:54:55 ./market/topic.py topic 47  发布数据
DEBUG market 2014-09-11 17:30:20 ./market/recommend.py recommend 162  删除推荐列表的游戏:4bf7b930
DEBUG market 2014-09-11 17:30:25 ./market/topic.py topic 47  发布数据
DEBUG market 2014-09-11 18:01:52 ./game/views.py views 299  修改3fe2f3ca的信息
DEBUG market 2014-09-11 18:36:53 ./game/views.py views 299  修改3e73c512的信息
DEBUG market 2014-09-11 18:37:00 ./market/topic.py topic 47  发布数据
DEBUG market 2014-09-12 11:23:00 ./game/views.py views 299  修改b90a686a的信息
DEBUG market 2014-09-12 11:23:14 ./game/views.py views 299  修改a2d11339的信息
DEBUG market 2014-09-12 11:23:59 ./game/views.py views 299  修改6f98dad0的信息
DEBUG market 2014-09-12 11:24:28 ./game/views.py views 299  修改3b725804的信息
DEBUG market 2014-09-12 11:24:34 ./game/views.py views 299  修改a2d11339的信息
DEBUG market 2014-09-12 11:24:38 ./game/views.py views 299  修改b90a686a的信息
DEBUG market 2014-09-12 11:24:58 ./game/views.py views 299  修改6f98dad0的信息
DEBUG market 2014-09-12 11:25:27 ./game/views.py views 299  修改c24da279的信息
DEBUG market 2014-09-12 11:25:38 ./game/views.py views 299  修改1e49eb9f的信息
DEBUG market 2014-09-12 11:37:08 ./game/views.py views 299  修改a2d11339的信息
DEBUG market 2014-09-12 11:37:13 ./game/views.py views 299  修改b90a686a的信息
DEBUG market 2014-09-12 11:37:18 ./game/views.py views 299  修改3fe2f3ca的信息
DEBUG market 2014-09-12 11:37:26 ./game/views.py views 299  修改3fe2f3ca的信息
DEBUG market 2014-09-12 11:37:36 ./game/views.py views 299  修改a2d11339的信息
DEBUG market 2014-09-12 11:37:46 ./game/views.py views 299  修改6f98dad0的信息
DEBUG market 2014-09-12 11:37:58 ./game/views.py views 299  修改3b725804的信息
DEBUG market 2014-09-12 11:38:04 ./game/views.py views 299  修改6f98dad0的信息
DEBUG market 2014-09-12 11:38:17 ./game/views.py views 299  修改c24da279的信息
DEBUG market 2014-09-12 11:42:12 ./game/views.py views 299  修改3fe2f3ca的信息
DEBUG market 2014-09-12 11:44:17 ./game/views.py views 299  修改12fc66a5的信息
DEBUG market 2014-09-12 11:47:12 ./game/views.py views 299  修改b90a686a的信息
DEBUG market 2014-09-12 11:53:32 ./game/views.py views 299  修改1e49eb9f的信息
DEBUG market 2014-09-12 12:02:06 ./game/views.py views 299  修改1e49eb9f的信息
DEBUG market 2014-09-12 12:02:49 ./game/views.py views 299  修改c24da279的信息
DEBUG market 2014-09-12 12:07:55 ./game/views.py views 299  修改3b725804的信息
DEBUG market 2014-09-12 12:12:43 ./game/views.py views 299  修改a2d11339的信息
DEBUG market 2014-09-12 12:20:58 ./game/views.py views 299  修改a2d11339的信息
DEBUG market 2014-09-12 14:06:41 ./game/views.py views 299  修改a2d11339的信息
DEBUG market 2014-09-12 14:12:30 ./market/topic.py topic 47  发布数据
DEBUG market 2014-09-12 14:13:21 ./market/recommend.py recommend 162  删除推荐列表的游戏:3204dd16
DEBUG market 2014-09-12 14:14:02 ./market/topic.py topic 47  发布数据
DEBUG market 2014-09-12 14:14:07 ./game/views.py views 299  修改b90a686a的信息
DEBUG market 2014-09-12 14:14:10 ./market/topic.py topic 47  发布数据
DEBUG market 2014-09-12 14:15:13 ./market/topic.py topic 47  发布数据
DEBUG market 2014-09-12 15:21:21 ./game/views.py views 299  修改6f98dad0的信息
DEBUG market 2014-09-12 15:21:27 ./game/views.py views 299  修改3b725804的信息
DEBUG market 2014-09-12 15:21:31 ./game/views.py views 299  修改b90a686a的信息
DEBUG market 2014-09-12 15:21:35 ./game/views.py views 299  修改a2d11339的信息
DEBUG market 2014-09-12 15:22:51 ./game/views.py views 299  修改1e49eb9f的信息
DEBUG market 2014-09-12 15:22:54 ./market/topic.py topic 47  发布数据
DEBUG market 2014-09-12 15:23:48 ./game/views.py views 299  修改c24da279的信息
DEBUG market 2014-09-12 15:23:52 ./market/topic.py topic 47  发布数据
DEBUG market 2014-09-12 15:24:52 ./game/views.py views 299  修改b90a686a的信息
DEBUG market 2014-09-12 15:24:55 ./market/topic.py topic 47  发布数据
DEBUG market 2014-09-12 15:26:42 ./game/views.py views 299  修改a2d11339的信息
DEBUG market 2014-09-12 15:26:54 ./market/topic.py topic 47  发布数据
DEBUG market 2014-09-12 15:42:07 ./market/topic.py topic 47  发布数据
DEBUG market 2014-09-12 15:43:14 ./market/topic.py topic 47 向晓玮 发布数据
DEBUG market 2014-09-12 16:01:46 ./market/recommend.py recommend 519  删除banner:18
DEBUG market 2014-09-12 16:01:50 ./market/recommend.py recommend 519  删除banner:17
DEBUG market 2014-09-12 16:01:53 ./market/recommend.py recommend 519  删除banner:22
DEBUG market 2014-09-12 16:10:44 ./market/recommend.py recommend 161  删除推荐列表的游戏:b90a686a
DEBUG market 2014-09-12 16:10:47 ./market/recommend.py recommend 161  删除推荐列表的游戏:3fe2f3ca
DEBUG market 2014-09-12 16:13:24 ./game/views.py views 299  修改1e49eb9f的信息
DEBUG market 2014-09-12 16:13:58 ./game/views.py views 299  修改c24da279的信息
DEBUG market 2014-09-12 16:14:03 ./market/topic.py topic 47  发布数据
DEBUG market 2014-09-12 16:14:10 ./game/views.py views 299  修改1e49eb9f的信息
DEBUG market 2014-09-12 16:14:14 ./market/topic.py topic 47  发布数据
DEBUG market 2014-09-12 16:31:07 ./market/recommend.py recommend 386  新增banner:c24da279
DEBUG market 2014-09-12 16:31:47 ./market/recommend.py recommend 386  新增banner:a2d11339
DEBUG market 2014-09-12 16:31:55 ./market/topic.py topic 47  发布数据
DEBUG market 2014-09-12 16:32:46 ./market/topic.py topic 412  新增专题61的游戏列表:b90a686a
DEBUG market 2014-09-12 16:32:56 ./market/topic.py topic 412  新增专题61的游戏列表:a2d11339
DEBUG market 2014-09-12 16:33:11 ./market/topic.py topic 412  新增专题61的游戏列表:6f98dad0
DEBUG market 2014-09-12 16:33:20 ./market/topic.py topic 412  新增专题61的游戏列表:3b725804
DEBUG market 2014-09-12 16:33:38 ./market/topic.py topic 412  新增专题61的游戏列表:1e49eb9f
DEBUG market 2014-09-12 16:34:02 ./market/topic.py topic 396  新增专题61的游戏列表:c24da279
DEBUG market 2014-09-12 16:34:28 ./market/topic.py topic 396  新增专题61的游戏列表:3fe2f3ca
DEBUG market 2014-09-12 16:34:41 ./game/views.py views 299  修改c24da279的信息
DEBUG market 2014-09-12 16:34:45 ./market/topic.py topic 47  发布数据
DEBUG market 2014-09-12 16:34:46 ./market/topic.py topic 47  发布数据
DEBUG market 2014-09-12 20:38:32 ./market/topic.py topic 47  发布数据
DEBUG market 2014-09-12 21:45:07 ./market/topic.py topic 47  发布数据
DEBUG market 2014-09-12 22:00:53 ./market/topic.py topic 47  发布数据
DEBUG market 2014-09-12 22:01:25 ./market/topic.py topic 47  发布数据
DEBUG market 2014-09-12 22:09:10 ./market/topic.py topic 47  发布数据
DEBUG market 2014-09-13 17:24:35 ./market/topic.py topic 60  同步数据
DEBUG market 2014-09-13 17:49:34 ./market/topic.py topic 60  同步数据
DEBUG market 2014-09-13 17:58:54 ./market/topic.py topic 47  发布数据
DEBUG market 2014-09-13 18:07:31 ./market/topic.py topic 60  同步数据
DEBUG market 2014-09-13 18:12:20 ./game/views.py views 299  修改3e73c512的信息
DEBUG market 2014-09-13 18:14:43 ./market/topic.py topic 60  同步数据
DEBUG market 2014-09-13 18:26:15 ./game/views.py views 299  修改a2b4d811的信息
DEBUG market 2014-09-13 18:26:31 ./game/views.py views 299  修改3f0647e5的信息
DEBUG market 2014-09-13 18:27:01 ./game/views.py views 299  修改7628831a的信息
DEBUG market 2014-09-13 18:27:04 ./game/views.py views 299  修改3f0647e5的信息
DEBUG market 2014-09-13 18:27:11 ./game/views.py views 299  修改7ccd765a的信息
DEBUG market 2014-09-13 18:27:16 ./game/views.py views 299  修改8e559186的信息
DEBUG market 2014-09-13 18:27:23 ./game/views.py views 299  修改a8c662dd的信息
DEBUG market 2014-09-13 18:27:45 ./game/views.py views 299  修改d2cb927b的信息
DEBUG market 2014-09-13 18:27:50 ./game/views.py views 299  修改dc4b7574的信息
DEBUG market 2014-09-13 18:27:56 ./game/views.py views 299  修改f2e209a2的信息
DEBUG market 2014-09-13 18:28:02 ./game/views.py views 299  修改f7493db2的信息
DEBUG market 2014-09-13 18:29:20 ./game/views.py views 299  修改19defbd9的信息
DEBUG market 2014-09-13 18:29:28 ./game/views.py views 299  修改291152fb的信息
DEBUG market 2014-09-13 18:29:35 ./game/views.py views 299  修改3204dd16的信息
DEBUG market 2014-09-13 18:29:44 ./game/views.py views 299  修改31f79e0a的信息
DEBUG market 2014-09-13 18:29:52 ./game/views.py views 299  修改659086c5的信息
DEBUG market 2014-09-13 18:30:01 ./game/views.py views 299  修改66975c95的信息
DEBUG market 2014-09-13 18:30:08 ./game/views.py views 299  修改7e6d9cc1的信息
DEBUG market 2014-09-13 18:30:16 ./game/views.py views 299  修改854cfc3b的信息
DEBUG market 2014-09-13 18:30:22 ./game/views.py views 299  修改94e31adf的信息
DEBUG market 2014-09-13 18:30:27 ./game/views.py views 299  修改a06b0584的信息
DEBUG market 2014-09-13 18:31:08 ./game/views.py views 299  修改a82047dc的信息
DEBUG market 2014-09-13 18:31:13 ./game/views.py views 299  修改aaff36dd的信息
DEBUG market 2014-09-13 18:31:22 ./game/views.py views 299  修改b7276996的信息
DEBUG market 2014-09-13 19:08:25 ./game/views.py views 299  修改b7276996的信息
DEBUG market 2014-09-13 19:08:28 ./game/views.py views 299  修改aaff36dd的信息
DEBUG market 2014-09-13 19:08:30 ./game/views.py views 299  修改a82047dc的信息
DEBUG market 2014-09-13 19:08:38 ./game/views.py views 299  修改c24da279的信息
DEBUG market 2014-09-13 19:08:43 ./game/views.py views 299  修改d133eca9的信息
DEBUG market 2014-09-13 19:09:47 ./game/views.py views 299  修改089d70cd的信息
DEBUG market 2014-09-13 19:09:53 ./game/views.py views 299  修改21b2ad01的信息
DEBUG market 2014-09-13 19:09:59 ./game/views.py views 299  修改2e405f19的信息
DEBUG market 2014-09-13 19:10:05 ./game/views.py views 299  修改5f2fe998的信息
DEBUG market 2014-09-13 19:10:10 ./game/views.py views 299  修改a8010652的信息
DEBUG market 2014-09-13 19:10:15 ./game/views.py views 299  修改aca81671的信息
DEBUG market 2014-09-13 19:10:22 ./game/views.py views 299  修改b5b23f1d的信息
DEBUG market 2014-09-13 19:12:12 ./game/views.py views 299  修改da5c4367的信息
DEBUG market 2014-09-13 19:12:17 ./game/views.py views 299  修改f44f1ae3的信息
DEBUG market 2014-09-13 19:12:52 ./game/views.py views 299  修改b88a5b06的信息
DEBUG market 2014-09-13 19:12:58 ./game/views.py views 299  修改1e49eb9f的信息
DEBUG market 2014-09-13 19:13:03 ./game/views.py views 299  修改b90a686a的信息
DEBUG market 2014-09-13 19:13:08 ./game/views.py views 299  修改4bf7b930的信息
DEBUG market 2014-09-13 19:13:15 ./game/views.py views 299  修改3fe2f3ca的信息
DEBUG market 2014-09-13 19:13:21 ./game/views.py views 299  修改6f98dad0的信息
DEBUG market 2014-09-13 19:13:28 ./game/views.py views 299  修改3b725804的信息
DEBUG market 2014-09-13 19:13:36 ./game/views.py views 299  修改a2d11339的信息
DEBUG market 2014-09-13 19:13:48 ./market/topic.py topic 47  发布数据
DEBUG market 2014-09-13 22:01:28 ./market/recommend.py recommend 519  删除banner:26
DEBUG market 2014-09-13 23:07:24 ./market/recommend.py recommend 386  新增banner:3b725804
DEBUG market 2014-09-14 10:28:28 ./market/topic.py topic 47  发布数据
DEBUG market 2014-09-14 10:28:46 ./market/topic.py topic 47  发布数据
DEBUG market 2014-09-14 11:54:59 ./game/views.py views 299  修改a2d11339的信息
DEBUG market 2014-09-14 11:55:04 ./market/topic.py topic 47  发布数据
DEBUG market 2014-09-14 12:13:11 ./game/views.py views 299  修改a2d11339的信息
DEBUG market 2014-09-14 12:13:15 ./market/topic.py topic 47  发布数据
DEBUG market 2014-09-14 12:18:42 ./game/views.py views 299  修改bf33c53e的信息
DEBUG market 2014-09-14 12:18:46 ./market/topic.py topic 47  发布数据
DEBUG market 2014-09-14 12:19:24 ./game/views.py views 299  修改bf33c53e的信息
DEBUG market 2014-09-14 12:19:38 ./market/topic.py topic 47  发布数据
DEBUG market 2014-09-14 12:19:41 ./game/views.py views 299  修改bf33c53e的信息
DEBUG market 2014-09-14 12:20:28 ./game/views.py views 299  修改bf33c53e的信息
DEBUG market 2014-09-14 12:20:35 ./market/topic.py topic 47  发布数据
DEBUG market 2014-09-14 12:20:57 ./market/topic.py topic 412  新增专题61的游戏列表:bf33c53e
DEBUG market 2014-09-14 12:21:12 ./market/topic.py topic 47  发布数据
DEBUG market 2014-09-14 12:21:32 ./market/topic.py topic 47  发布数据
DEBUG market 2014-09-14 12:21:36 ./game/views.py views 299  修改bf33c53e的信息
DEBUG market 2014-09-14 12:21:41 ./market/topic.py topic 47  发布数据
DEBUG market 2014-09-14 12:22:27 ./game/views.py views 299  修改bf33c53e的信息
DEBUG market 2014-09-14 12:22:31 ./market/topic.py topic 47  发布数据
DEBUG market 2014-09-14 12:27:02 ./game/views.py views 299  修改bf33c53e的信息
DEBUG market 2014-09-14 12:27:22 ./game/views.py views 299  修改bf33c53e的信息
DEBUG market 2014-09-14 12:27:25 ./market/topic.py topic 47  发布数据
DEBUG market 2014-09-14 12:29:06 ./game/views.py views 299  修改3204dd16的信息
DEBUG market 2014-09-14 12:29:12 ./market/topic.py topic 47  发布数据
DEBUG market 2014-09-14 12:29:17 ./game/views.py views 299  修改3204dd16的信息
DEBUG market 2014-09-14 12:33:14 ./market/recommend.py recommend 358  新增banner:bf33c53e
DEBUG market 2014-09-14 14:35:45 ./market/topic.py topic 47  发布数据
DEBUG market 2014-09-14 14:36:42 ./market/topic.py topic 47  发布数据
DEBUG market 2014-09-14 14:38:17 ./market/topic.py topic 47  发布数据
DEBUG market 2014-09-14 15:25:56 ./market/topic.py topic 47  发布数据
DEBUG market 2014-09-15 17:51:15 ./game/views.py views 299  修改278e4ea9的信息
DEBUG market 2014-09-15 17:51:19 ./market/topic.py topic 47  发布数据
DEBUG market 2014-09-15 17:51:51 ./game/views.py views 299  修改0aead988的信息
DEBUG market 2014-09-15 17:51:55 ./market/topic.py topic 47  发布数据
DEBUG market 2014-09-15 18:07:54 ./game/views.py views 299  修改980ea15d的信息
DEBUG market 2014-09-15 18:07:57 ./market/topic.py topic 47  发布数据
DEBUG market 2014-09-15 18:08:33 ./game/views.py views 299  修改f851d019的信息
DEBUG market 2014-09-15 18:08:34 ./game/views.py views 299  修改f851d019的信息
DEBUG market 2014-09-15 18:09:40 ./game/views.py views 299  修改b0d015fa的信息
DEBUG market 2014-09-15 18:09:43 ./market/topic.py topic 47  发布数据
DEBUG market 2014-09-15 18:09:53 ./game/views.py views 299  修改db263bf6的信息
DEBUG market 2014-09-15 18:09:57 ./market/topic.py topic 47  发布数据
DEBUG market 2014-09-15 18:10:16 ./game/views.py views 299  修改b0d015fa的信息
DEBUG market 2014-09-15 18:10:19 ./market/topic.py topic 47  发布数据
DEBUG market 2014-09-15 18:10:42 ./game/views.py views 299  修改b2fab099的信息
DEBUG market 2014-09-15 18:10:47 ./market/topic.py topic 47  发布数据
DEBUG market 2014-09-15 18:11:39 ./game/views.py views 299  修改a66a188a的信息
DEBUG market 2014-09-15 18:11:42 ./market/topic.py topic 47  发布数据
DEBUG market 2014-09-15 18:12:02 ./game/views.py views 299  修改b2fab099的信息
DEBUG market 2014-09-15 18:12:06 ./market/topic.py topic 47  发布数据
DEBUG market 2014-09-15 18:12:47 ./game/views.py views 299  修改b68543b3的信息
DEBUG market 2014-09-15 18:12:50 ./market/topic.py topic 47  发布数据
DEBUG market 2014-09-15 18:18:52 ./game/views.py views 299  修改3c088129的信息
DEBUG market 2014-09-15 18:18:56 ./market/topic.py topic 47  发布数据
DEBUG market 2014-09-15 18:21:30 ./game/views.py views 299  修改f851d019的信息
DEBUG market 2014-09-15 18:21:33 ./market/topic.py topic 47  发布数据
DEBUG market 2014-09-15 18:22:38 ./game/views.py views 299  修改a66a188a的信息
DEBUG market 2014-09-15 18:22:42 ./market/topic.py topic 47  发布数据
DEBUG market 2014-09-15 18:22:47 ./market/topic.py topic 47  发布数据
DEBUG market 2014-09-15 18:23:31 ./game/views.py views 299  修改7719cbe2的信息
DEBUG market 2014-09-15 18:23:48 ./market/topic.py topic 47  发布数据
DEBUG market 2014-09-15 18:24:26 ./game/views.py views 299  修改12c1a036的信息
DEBUG market 2014-09-15 18:24:30 ./market/topic.py topic 47  发布数据
DEBUG market 2014-09-15 18:25:53 ./game/views.py views 299  修改1a30aec3的信息
DEBUG market 2014-09-15 18:25:56 ./market/topic.py topic 47  发布数据
DEBUG market 2014-09-15 18:29:42 ./game/views.py views 299  修改fb20b262的信息
DEBUG market 2014-09-15 18:29:51 ./market/topic.py topic 47  发布数据
DEBUG market 2014-09-15 18:30:39 ./game/views.py views 299  修改b7393d01的信息
DEBUG market 2014-09-15 18:30:44 ./market/topic.py topic 47  发布数据
DEBUG market 2014-09-15 18:30:48 ./market/topic.py topic 47  发布数据
DEBUG market 2014-09-15 18:31:19 ./game/views.py views 299  修改91eb6906的信息
DEBUG market 2014-09-15 18:31:22 ./market/topic.py topic 47  发布数据
DEBUG market 2014-09-15 18:32:42 ./game/views.py views 299  修改b49ce4a1的信息
DEBUG market 2014-09-15 18:32:45 ./market/topic.py topic 47  发布数据
DEBUG market 2014-09-15 18:32:49 ./market/topic.py topic 47  发布数据
DEBUG market 2014-09-15 18:33:27 ./game/views.py views 299  修改7cd1097e的信息
DEBUG market 2014-09-15 18:33:31 ./market/topic.py topic 47  发布数据
DEBUG market 2014-09-15 18:33:35 ./market/topic.py topic 47  发布数据
DEBUG market 2014-09-15 18:34:03 ./game/views.py views 299  修改81f200fd的信息
DEBUG market 2014-09-15 18:34:06 ./market/topic.py topic 47  发布数据
DEBUG market 2014-09-15 18:35:40 ./game/views.py views 299  修改f4ada557的信息
DEBUG market 2014-09-15 18:35:44 ./market/topic.py topic 47  发布数据
DEBUG market 2014-09-15 18:36:15 ./game/views.py views 299  修改ba4a0fd1的信息
DEBUG market 2014-09-15 18:36:19 ./market/topic.py topic 47  发布数据
DEBUG market 2014-09-15 18:37:08 ./game/views.py views 299  修改1cc05f45的信息
DEBUG market 2014-09-15 18:37:11 ./market/topic.py topic 47  发布数据
DEBUG market 2014-09-15 18:37:35 ./game/views.py views 299  修改fd26bef2的信息
DEBUG market 2014-09-15 18:37:39 ./market/topic.py topic 47  发布数据
DEBUG market 2014-09-15 18:38:20 ./game/views.py views 299  修改f83ddd5e的信息
DEBUG market 2014-09-15 18:38:24 ./market/topic.py topic 47  发布数据
DEBUG market 2014-09-16 13:35:27 ./game/views.py views 299  修改bf33c53e的信息
DEBUG market 2014-09-16 13:36:18 ./game/views.py views 299  修改6204c806的信息
DEBUG market 2014-09-16 13:36:25 ./game/views.py views 299  修改6204c806的信息
DEBUG market 2014-09-16 13:36:50 ./game/views.py views 299  修改917af9a3的信息
DEBUG market 2014-09-16 13:37:15 ./game/views.py views 299  修改742e2a82的信息
DEBUG market 2014-09-16 13:37:58 ./game/views.py views 299  修改44cc7516的信息
DEBUG market 2014-09-16 13:38:22 ./game/views.py views 299  修改8c1be0d0的信息
DEBUG market 2014-09-16 13:39:21 ./game/views.py views 299  修改f7493db2的信息
DEBUG market 2014-09-16 17:14:48 ./game/views.py views 342  修改91eb6906的信息
DEBUG market 2014-09-16 17:14:52 ./market/topic.py topic 47  发布数据
DEBUG market 2014-09-16 17:16:08 ./game/views.py views 342  修改7cd1097e的信息
DEBUG market 2014-09-16 17:16:20 ./market/topic.py topic 47  发布数据
DEBUG market 2014-09-16 17:32:02 ./market/topic.py topic 47  发布数据
DEBUG market 2014-09-16 17:32:57 ./market/topic.py topic 47  发布数据
DEBUG market 2014-09-16 17:38:09 ./game/views.py views 342  修改ba4a0fd1的信息
DEBUG market 2014-09-16 17:38:13 ./market/topic.py topic 47  发布数据
DEBUG market 2014-09-16 18:41:38 ./game/views.py views 342  修改7b2e89f3的信息
DEBUG market 2014-09-16 18:41:41 ./market/topic.py topic 47  发布数据
DEBUG market 2014-09-16 18:45:47 ./game/views.py views 342  修改04969b13的信息
DEBUG market 2014-09-16 18:45:51 ./market/topic.py topic 47  发布数据
DEBUG market 2014-09-16 18:46:12 ./game/views.py views 342  修改1b9f928a的信息
DEBUG market 2014-09-16 18:46:15 ./market/topic.py topic 47  发布数据
DEBUG market 2014-09-16 18:46:45 ./game/views.py views 342  修改42b4f4e5的信息
DEBUG market 2014-09-16 18:46:49 ./market/topic.py topic 47  发布数据
DEBUG market 2014-09-17 14:32:38 ./game/views.py views 387  修改a2b4d811的信息
DEBUG market 2014-09-17 14:32:41 ./game/views.py views 387  修改a2b4d811的信息
DEBUG market 2014-09-17 14:33:14 ./game/views.py views 387  修改3f0647e5的信息
DEBUG market 2014-09-17 14:33:34 ./game/views.py views 387  修改3f0647e5的信息
DEBUG market 2014-09-17 14:34:07 ./game/views.py views 387  修改d2cb927b的信息
DEBUG market 2014-09-17 14:34:10 ./game/views.py views 387  修改d2cb927b的信息
DEBUG market 2014-09-17 14:34:50 ./game/views.py views 387  修改7628831a的信息
DEBUG market 2014-09-17 14:35:09 ./game/views.py views 387  修改7ccd765a的信息
DEBUG market 2014-09-17 14:35:37 ./game/views.py views 387  修改8e559186的信息
DEBUG market 2014-09-17 14:36:02 ./market/recommend.py recommend 161  删除推荐列表的游戏:b5465fe0
