Wed Aug 13 10:15:33 CST 2014#################dump database forum
--------------------------start----------------------------
--------------------------end------------------------------
Wed Aug 13 10:23:18 CST 2014#################dump database forum
--------------------------start----------------------------
--------------------------end------------------------------
--------------------------start----------------------------
--------------------------end------------------------------
Thu Aug 14 03:00:01 CST 2014#################dump database forum
--------------------------start----------------------------
--------------------------end------------------------------
--------------------------start----------------------------
--------------------------end------------------------------
Fri Aug 15 03:00:01 CST 2014#################dump database forum
--------------------------start----------------------------
--------------------------end------------------------------
--------------------------start----------------------------
--------------------------end------------------------------
Sat Aug 16 03:00:01 CST 2014#################dump database forum
--------------------------start----------------------------
--------------------------end------------------------------
--------------------------start----------------------------
--------------------------end------------------------------
Sun Aug 17 03:00:01 CST 2014#################dump database forum
--------------------------start----------------------------
--------------------------end------------------------------
--------------------------start----------------------------
--------------------------end------------------------------
Mon Aug 18 03:00:01 CST 2014#################dump database forum
--------------------------start----------------------------
--------------------------end------------------------------
--------------------------start----------------------------
--------------------------end------------------------------
Tue Aug 19 03:00:01 CST 2014#################dump database forum
--------------------------start----------------------------
--------------------------end------------------------------
--------------------------start----------------------------
--------------------------end------------------------------
Wed Aug 20 03:00:01 CST 2014#################dump database forum
--------------------------start----------------------------
--------------------------end------------------------------
--------------------------start----------------------------
--------------------------end------------------------------
Thu Aug 21 03:00:01 CST 2014#################dump database forum
--------------------------start----------------------------
--------------------------end------------------------------
--------------------------start----------------------------
--------------------------end------------------------------
Thu Aug 21 16:27:49 CST 2014#################dump database forum
--------------------------start----------------------------
--------------------------end------------------------------
--------------------------start----------------------------
--------------------------end------------------------------
Thu Aug 21 16:37:38 CST 2014#################dump database forum
--------------------------start----------------------------
--------------------------end------------------------------
--------------------------start----------------------------
--------------------------end------------------------------
Fri Aug 22 03:00:01 CST 2014#################dump database forum
--------------------------start----------------------------
--------------------------end------------------------------
--------------------------start----------------------------
--------------------------end------------------------------
Sat Aug 23 03:00:01 CST 2014#################dump database forum
--------------------------start----------------------------
--------------------------end------------------------------
--------------------------start----------------------------
--------------------------end------------------------------
Sun Aug 24 03:00:01 CST 2014#################dump database forum
--------------------------start----------------------------
--------------------------end------------------------------
--------------------------start----------------------------
--------------------------end------------------------------
Mon Aug 25 03:00:01 CST 2014#################dump database forum
--------------------------start----------------------------
--------------------------end------------------------------
--------------------------start----------------------------
--------------------------end------------------------------
Tue Aug 26 03:00:01 CST 2014#################dump database forum
--------------------------start----------------------------
--------------------------end------------------------------
--------------------------start----------------------------
--------------------------end------------------------------
Wed Aug 27 03:00:01 CST 2014#################dump database forum
--------------------------start----------------------------
--------------------------end------------------------------
--------------------------start----------------------------
--------------------------end------------------------------
Thu Aug 28 03:00:01 CST 2014#################dump database forum
--------------------------start----------------------------
--------------------------end------------------------------
--------------------------start----------------------------
--------------------------end------------------------------
Fri Aug 29 03:00:01 CST 2014#################dump database forum
--------------------------start----------------------------
--------------------------end------------------------------
--------------------------start----------------------------
--------------------------end------------------------------
Sat Aug 30 03:00:01 CST 2014#################dump database forum
--------------------------start----------------------------
--------------------------end------------------------------
--------------------------start----------------------------
--------------------------end------------------------------
Sun Aug 31 03:00:01 CST 2014#################dump database forum
--------------------------start----------------------------
--------------------------end------------------------------
--------------------------start----------------------------
--------------------------end------------------------------
Mon Sep 1 03:00:01 CST 2014#################dump database forum
--------------------------start----------------------------
--------------------------end------------------------------
--------------------------start----------------------------
--------------------------end------------------------------
Tue Sep 2 03:00:01 CST 2014#################dump database forum
--------------------------start----------------------------
--------------------------end------------------------------
--------------------------start----------------------------
--------------------------end------------------------------
Wed Sep 3 03:00:01 CST 2014#################dump database forum
--------------------------start----------------------------
--------------------------end------------------------------
--------------------------start----------------------------
--------------------------end------------------------------
Wed Sep 3 17:12:10 CST 2014#################dump database forum
--------------------------start----------------------------
--------------------------end------------------------------
--------------------------start----------------------------
--------------------------end------------------------------
Thu Sep 4 03:00:01 CST 2014#################dump database forum
--------------------------start----------------------------
--------------------------end------------------------------
--------------------------start----------------------------
--------------------------end------------------------------
Fri Sep 5 03:00:01 CST 2014#################dump database forum
--------------------------start----------------------------
--------------------------end------------------------------
--------------------------start----------------------------
--------------------------end------------------------------
Sat Sep 6 03:00:01 CST 2014#################dump database forum
--------------------------start----------------------------
--------------------------end------------------------------
--------------------------start----------------------------
--------------------------end------------------------------
Sun Sep 7 03:00:01 CST 2014#################dump database forum
--------------------------start----------------------------
--------------------------end------------------------------
--------------------------start----------------------------
--------------------------end------------------------------
Mon Sep 8 03:00:01 CST 2014#################dump database forum
--------------------------start----------------------------
--------------------------end------------------------------
--------------------------start----------------------------
--------------------------end------------------------------
Tue Sep 9 03:00:01 CST 2014#################dump database forum
--------------------------start----------------------------
--------------------------end------------------------------
--------------------------start----------------------------
--------------------------end------------------------------
Wed Sep 10 03:00:02 CST 2014#################dump database forum
--------------------------start----------------------------
--------------------------end------------------------------
--------------------------start----------------------------
--------------------------end------------------------------
Thu Sep 11 03:00:01 CST 2014#################dump database forum
--------------------------start----------------------------
--------------------------end------------------------------
--------------------------start----------------------------
--------------------------end------------------------------
Fri Sep 12 03:00:01 CST 2014#################dump database forum
--------------------------start----------------------------
--------------------------end------------------------------
--------------------------start----------------------------
--------------------------end------------------------------
Sat Sep 13 03:00:01 CST 2014#################dump database forum
--------------------------start----------------------------
--------------------------end------------------------------
--------------------------start----------------------------
--------------------------end------------------------------
Sun Sep 14 03:00:01 CST 2014#################dump database forum
--------------------------start----------------------------
--------------------------end------------------------------
--------------------------start----------------------------
--------------------------end------------------------------
Mon Sep 15 03:00:01 CST 2014#################dump database forum
--------------------------start----------------------------
--------------------------end------------------------------
--------------------------start----------------------------
--------------------------end------------------------------
Tue Sep 16 03:00:01 CST 2014#################dump database forum
--------------------------start----------------------------
--------------------------end------------------------------
--------------------------start----------------------------
--------------------------end------------------------------
Wed Sep 17 03:00:01 CST 2014#################dump database forum
--------------------------start----------------------------
--------------------------end------------------------------
--------------------------start----------------------------
--------------------------end------------------------------
Thu Sep 18 03:00:01 CST 2014#################dump database forum
--------------------------start----------------------------
--------------------------end------------------------------
--------------------------start----------------------------
--------------------------end------------------------------
Fri Sep 19 03:00:01 CST 2014#################dump database forum
--------------------------start----------------------------
--------------------------end------------------------------
--------------------------start----------------------------
--------------------------end------------------------------
Sat Sep 20 03:00:01 CST 2014#################dump database forum
--------------------------start----------------------------
--------------------------end------------------------------
--------------------------start----------------------------
--------------------------end------------------------------
Sun Sep 21 03:00:02 CST 2014#################dump database forum
--------------------------start----------------------------
--------------------------end------------------------------
--------------------------start----------------------------
--------------------------end------------------------------
Mon Sep 22 03:00:01 CST 2014#################dump database forum
--------------------------start----------------------------
--------------------------end------------------------------
--------------------------start----------------------------
--------------------------end------------------------------
Tue Sep 23 03:00:01 CST 2014#################dump database forum
--------------------------start----------------------------
--------------------------end------------------------------
--------------------------start----------------------------
--------------------------end------------------------------
Wed Sep 24 03:00:01 CST 2014#################dump database forum
--------------------------start----------------------------
--------------------------end------------------------------
--------------------------start----------------------------
--------------------------end------------------------------
Thu Sep 25 03:00:01 CST 2014#################dump database forum
--------------------------start----------------------------
--------------------------end------------------------------
--------------------------start----------------------------
--------------------------end------------------------------
Fri Sep 26 03:00:01 CST 2014#################dump database forum
--------------------------start----------------------------
--------------------------end------------------------------
--------------------------start----------------------------
--------------------------end------------------------------
Sat Sep 27 03:00:01 CST 2014#################dump database forum
--------------------------start----------------------------
--------------------------end------------------------------
--------------------------start----------------------------
--------------------------end------------------------------
Sun Sep 28 03:00:01 CST 2014#################dump database forum
--------------------------start----------------------------
--------------------------end------------------------------
--------------------------start----------------------------
--------------------------end------------------------------
Mon Sep 29 03:00:01 CST 2014#################dump database forum
--------------------------start----------------------------
--------------------------end------------------------------
--------------------------start----------------------------
--------------------------end------------------------------
Tue Sep 30 03:00:01 CST 2014#################dump database forum
--------------------------start----------------------------
--------------------------end------------------------------
--------------------------start----------------------------
--------------------------end------------------------------
Wed Oct 1 03:00:01 CST 2014#################dump database forum
--------------------------start----------------------------
--------------------------end------------------------------
--------------------------start----------------------------
--------------------------end------------------------------
Thu Oct 2 03:00:01 CST 2014#################dump database forum
--------------------------start----------------------------
--------------------------end------------------------------
--------------------------start----------------------------
--------------------------end------------------------------
Fri Oct 3 03:00:01 CST 2014#################dump database forum
--------------------------start----------------------------
--------------------------end------------------------------
--------------------------start----------------------------
--------------------------end------------------------------
Sat Oct 4 03:00:01 CST 2014#################dump database forum
--------------------------start----------------------------
--------------------------end------------------------------
--------------------------start----------------------------
--------------------------end------------------------------
Sun Oct 5 03:00:01 CST 2014#################dump database forum
--------------------------start----------------------------
--------------------------end------------------------------
--------------------------start----------------------------
--------------------------end------------------------------
Mon Oct 6 03:00:01 CST 2014#################dump database forum
--------------------------start----------------------------
--------------------------end------------------------------
--------------------------start----------------------------
--------------------------end------------------------------
Tue Oct 7 03:00:01 CST 2014#################dump database forum
--------------------------start----------------------------
--------------------------end------------------------------
--------------------------start----------------------------
--------------------------end------------------------------
Wed Oct 8 03:00:01 CST 2014#################dump database forum
--------------------------start----------------------------
--------------------------end------------------------------
--------------------------start----------------------------
--------------------------end------------------------------
Thu Oct 9 03:00:01 CST 2014#################dump database forum
--------------------------start----------------------------
--------------------------end------------------------------
--------------------------start----------------------------
--------------------------end------------------------------
Thu Oct 9 16:20:43 CST 2014#################dump database forum
--------------------------start----------------------------
--------------------------end------------------------------
--------------------------start----------------------------
--------------------------end------------------------------
Fri Oct 10 03:00:01 CST 2014#################dump database forum
--------------------------start----------------------------
--------------------------end------------------------------
--------------------------start----------------------------
--------------------------end------------------------------
Fri Oct 10 15:59:30 CST 2014#################dump database forum
--------------------------start----------------------------
--------------------------end------------------------------
--------------------------start----------------------------
--------------------------end------------------------------
Fri Oct 10 16:32:41 CST 2014#################dump database forum
--------------------------start----------------------------
--------------------------end------------------------------
--------------------------start----------------------------
--------------------------end------------------------------
Sat Oct 11 03:00:01 CST 2014#################dump database forum
--------------------------start----------------------------
--------------------------end------------------------------
--------------------------start----------------------------
--------------------------end------------------------------
Sat Oct 11 10:20:19 CST 2014#################dump database forum
--------------------------start----------------------------
--------------------------end------------------------------
--------------------------start----------------------------
--------------------------end------------------------------
Sat Oct 11 10:25:41 CST 2014#################dump database forum
--------------------------start----------------------------
--------------------------end------------------------------
--------------------------start----------------------------
--------------------------end------------------------------
Sat Oct 11 06:36:22 UTC 2014#################dump database forum
--------------------------start----------------------------
--------------------------end------------------------------
--------------------------start----------------------------
--------------------------end------------------------------
Sat Oct 11 06:43:05 UTC 2014#################dump database forum
--------------------------start----------------------------
--------------------------end------------------------------
--------------------------start----------------------------
--------------------------end------------------------------
Sat Oct 11 06:46:41 UTC 2014#################dump database forum
--------------------------start----------------------------
--------------------------end------------------------------
--------------------------start----------------------------
--------------------------end------------------------------
Sun Oct 12 03:00:01 UTC 2014#################dump database forum
--------------------------start----------------------------
--------------------------end------------------------------
--------------------------start----------------------------
--------------------------end------------------------------
Mon Oct 13 03:00:01 UTC 2014#################dump database forum
--------------------------start----------------------------
--------------------------end------------------------------
--------------------------start----------------------------
--------------------------end------------------------------
Tue Oct 14 03:00:01 UTC 2014#################dump database forum
--------------------------start----------------------------
--------------------------end------------------------------
--------------------------start----------------------------
--------------------------end------------------------------
Wed Oct 15 03:00:01 UTC 2014#################dump database forum
--------------------------start----------------------------
--------------------------end------------------------------
--------------------------start----------------------------
--------------------------end------------------------------
Thu Oct 16 03:00:02 UTC 2014#################dump database forum
--------------------------start----------------------------
--------------------------end------------------------------
--------------------------start----------------------------
--------------------------end------------------------------
Fri Oct 17 03:00:01 UTC 2014#################dump database forum
--------------------------start----------------------------
--------------------------end------------------------------
--------------------------start----------------------------
--------------------------end------------------------------
Sat Oct 18 03:00:01 UTC 2014#################dump database forum
--------------------------start----------------------------
--------------------------end------------------------------
--------------------------start----------------------------
--------------------------end------------------------------
Sun Oct 19 03:00:01 UTC 2014#################dump database forum
--------------------------start----------------------------
--------------------------end------------------------------
--------------------------start----------------------------
--------------------------end------------------------------
Mon Oct 20 03:00:01 UTC 2014#################dump database forum
--------------------------start----------------------------
--------------------------end------------------------------
--------------------------start----------------------------
--------------------------end------------------------------
Tue Oct 21 03:00:01 UTC 2014#################dump database forum
--------------------------start----------------------------
--------------------------end------------------------------
--------------------------start----------------------------
--------------------------end------------------------------
Wed Oct 22 03:00:02 UTC 2014#################dump database forum
--------------------------start----------------------------
--------------------------end------------------------------
--------------------------start----------------------------
--------------------------end------------------------------
Thu Oct 23 03:00:01 UTC 2014#################dump database forum
--------------------------start----------------------------
--------------------------end------------------------------
--------------------------start----------------------------
--------------------------end------------------------------
Fri Oct 24 03:00:01 UTC 2014#################dump database forum
--------------------------start----------------------------
--------------------------end------------------------------
--------------------------start----------------------------
--------------------------end------------------------------
Sat Oct 25 03:00:01 UTC 2014#################dump database forum
--------------------------start----------------------------
--------------------------end------------------------------
--------------------------start----------------------------
--------------------------end------------------------------
Sun Oct 26 03:00:01 UTC 2014#################dump database forum
--------------------------start----------------------------
--------------------------end------------------------------
--------------------------start----------------------------
--------------------------end------------------------------
Mon Oct 27 03:00:01 UTC 2014#################dump database forum
--------------------------start----------------------------
--------------------------end------------------------------
--------------------------start----------------------------
--------------------------end------------------------------
Tue Oct 28 03:00:01 UTC 2014#################dump database forum
--------------------------start----------------------------
--------------------------end------------------------------
--------------------------start----------------------------
--------------------------end------------------------------
Wed Oct 29 03:00:01 UTC 2014#################dump database forum
--------------------------start----------------------------
--------------------------end------------------------------
--------------------------start----------------------------
--------------------------end------------------------------
Thu Oct 30 03:00:01 UTC 2014#################dump database forum
--------------------------start----------------------------
--------------------------end------------------------------
--------------------------start----------------------------
--------------------------end------------------------------
Fri Oct 31 03:00:01 UTC 2014#################dump database forum
--------------------------start----------------------------
--------------------------end------------------------------
--------------------------start----------------------------
--------------------------end------------------------------
Sat Nov 1 03:00:01 UTC 2014#################dump database forum
--------------------------start----------------------------
--------------------------end------------------------------
--------------------------start----------------------------
--------------------------end------------------------------
Sun Nov 2 03:00:01 UTC 2014#################dump database forum
--------------------------start----------------------------
--------------------------end------------------------------
--------------------------start----------------------------
--------------------------end------------------------------
Mon Nov 3 03:00:01 UTC 2014#################dump database forum
--------------------------start----------------------------
--------------------------end------------------------------
--------------------------start----------------------------
--------------------------end------------------------------
Tue Nov 4 03:00:01 UTC 2014#################dump database forum
--------------------------start----------------------------
--------------------------end------------------------------
--------------------------start----------------------------
--------------------------end------------------------------
Wed Nov 5 03:00:01 UTC 2014#################dump database forum
--------------------------start----------------------------
--------------------------end------------------------------
--------------------------start----------------------------
--------------------------end------------------------------
Thu Nov 6 03:00:01 UTC 2014#################dump database forum
--------------------------start----------------------------
--------------------------end------------------------------
--------------------------start----------------------------
--------------------------end------------------------------
Fri Nov 7 03:00:01 UTC 2014#################dump database forum
--------------------------start----------------------------
--------------------------end------------------------------
--------------------------start----------------------------
--------------------------end------------------------------
Sat Nov 8 03:00:01 UTC 2014#################dump database forum
--------------------------start----------------------------
--------------------------end------------------------------
--------------------------start----------------------------
--------------------------end------------------------------
Sun Nov 9 03:00:01 UTC 2014#################dump database forum
--------------------------start----------------------------
--------------------------end------------------------------
--------------------------start----------------------------
--------------------------end------------------------------
Mon Nov 10 03:00:01 UTC 2014#################dump database forum
--------------------------start----------------------------
--------------------------end------------------------------
--------------------------start----------------------------
--------------------------end------------------------------
Tue Nov 11 03:00:01 UTC 2014#################dump database forum
--------------------------start----------------------------
--------------------------end------------------------------
--------------------------start----------------------------
--------------------------end------------------------------
Wed Nov 12 03:00:01 UTC 2014#################dump database forum
--------------------------start----------------------------
--------------------------end------------------------------
--------------------------start----------------------------
--------------------------end------------------------------
Thu Nov 13 03:00:01 UTC 2014#################dump database forum
--------------------------start----------------------------
--------------------------end------------------------------
--------------------------start----------------------------
--------------------------end------------------------------
Fri Nov 14 03:00:01 UTC 2014#################dump database forum
--------------------------start----------------------------
--------------------------end------------------------------
--------------------------start----------------------------
--------------------------end------------------------------
Sat Nov 15 03:00:01 UTC 2014#################dump database forum
--------------------------start----------------------------
--------------------------end------------------------------
--------------------------start----------------------------
--------------------------end------------------------------
Sun Nov 16 03:00:01 UTC 2014#################dump database forum
--------------------------start----------------------------
--------------------------end------------------------------
--------------------------start----------------------------
--------------------------end------------------------------
Mon Nov 17 03:00:02 UTC 2014#################dump database forum
--------------------------start----------------------------
--------------------------end------------------------------
--------------------------start----------------------------
--------------------------end------------------------------
Tue Nov 18 03:00:01 UTC 2014#################dump database forum
--------------------------start----------------------------
--------------------------end------------------------------
--------------------------start----------------------------
--------------------------end------------------------------
Wed Nov 19 03:00:01 UTC 2014#################dump database forum
--------------------------start----------------------------
--------------------------end------------------------------
--------------------------start----------------------------
--------------------------end------------------------------
Thu Nov 20 03:00:01 UTC 2014#################dump database forum
--------------------------start----------------------------
--------------------------end------------------------------
--------------------------start----------------------------
--------------------------end------------------------------
Fri Nov 21 03:00:01 UTC 2014#################dump database forum
--------------------------start----------------------------
--------------------------end------------------------------
--------------------------start----------------------------
--------------------------end------------------------------
Sat Nov 22 03:00:01 UTC 2014#################dump database forum
--------------------------start----------------------------
--------------------------end------------------------------
--------------------------start----------------------------
--------------------------end------------------------------
Sun Nov 23 03:00:01 UTC 2014#################dump database forum
--------------------------start----------------------------
--------------------------end------------------------------
--------------------------start----------------------------
--------------------------end------------------------------
Mon Nov 24 03:00:01 UTC 2014#################dump database forum
--------------------------start----------------------------
--------------------------end------------------------------
--------------------------start----------------------------
--------------------------end------------------------------
Tue Nov 25 03:00:01 UTC 2014#################dump database forum
--------------------------start----------------------------
--------------------------end------------------------------
--------------------------start----------------------------
--------------------------end------------------------------
Wed Nov 26 03:00:01 UTC 2014#################dump database forum
--------------------------start----------------------------
--------------------------end------------------------------
--------------------------start----------------------------
--------------------------end------------------------------
Thu Nov 27 03:00:01 UTC 2014#################dump database forum
--------------------------start----------------------------
--------------------------end------------------------------
--------------------------start----------------------------
--------------------------end------------------------------
Fri Nov 28 03:00:01 UTC 2014#################dump database forum
--------------------------start----------------------------
--------------------------end------------------------------
--------------------------start----------------------------
--------------------------end------------------------------
Sat Nov 29 03:00:01 UTC 2014#################dump database forum
--------------------------start----------------------------
--------------------------end------------------------------
--------------------------start----------------------------
--------------------------end------------------------------
Sun Nov 30 03:00:01 UTC 2014#################dump database forum
--------------------------start----------------------------
--------------------------end------------------------------
--------------------------start----------------------------
--------------------------end------------------------------
Mon Dec 1 03:00:01 UTC 2014#################dump database forum
--------------------------start----------------------------
--------------------------end------------------------------
--------------------------start----------------------------
--------------------------end------------------------------
Tue Dec 2 03:00:01 UTC 2014#################dump database forum
--------------------------start----------------------------
--------------------------end------------------------------
--------------------------start----------------------------
--------------------------end------------------------------
Wed Dec 3 03:00:01 UTC 2014#################dump database forum
--------------------------start----------------------------
--------------------------end------------------------------
--------------------------start----------------------------
--------------------------end------------------------------
Thu Dec 4 03:00:01 UTC 2014#################dump database forum
--------------------------start----------------------------
--------------------------end------------------------------
--------------------------start----------------------------
--------------------------end------------------------------
Fri Dec 5 03:00:01 UTC 2014#################dump database forum
--------------------------start----------------------------
--------------------------end------------------------------
--------------------------start----------------------------
--------------------------end------------------------------
Sat Dec 6 03:00:01 UTC 2014#################dump database forum
--------------------------start----------------------------
--------------------------end------------------------------
--------------------------start----------------------------
--------------------------end------------------------------
Sun Dec 7 03:00:01 UTC 2014#################dump database forum
--------------------------start----------------------------
--------------------------end------------------------------
--------------------------start----------------------------
--------------------------end------------------------------
Mon Dec 8 03:00:01 UTC 2014#################dump database forum
--------------------------start----------------------------
--------------------------end------------------------------
--------------------------start----------------------------
--------------------------end------------------------------
Tue Dec 9 03:00:01 UTC 2014#################dump database forum
--------------------------start----------------------------
--------------------------end------------------------------
--------------------------start----------------------------
--------------------------end------------------------------
Wed Dec 10 03:00:01 UTC 2014#################dump database forum
--------------------------start----------------------------
--------------------------end------------------------------
--------------------------start----------------------------
--------------------------end------------------------------
Thu Dec 11 03:00:01 UTC 2014#################dump database forum
--------------------------start----------------------------
--------------------------end------------------------------
--------------------------start----------------------------
--------------------------end------------------------------
Fri Dec 12 03:00:01 UTC 2014#################dump database forum
--------------------------start----------------------------
--------------------------end------------------------------
--------------------------start----------------------------
--------------------------end------------------------------
Sat Dec 13 03:00:01 UTC 2014#################dump database forum
--------------------------start----------------------------
--------------------------end------------------------------
--------------------------start----------------------------
--------------------------end------------------------------
Sun Dec 14 03:00:01 UTC 2014#################dump database forum
--------------------------start----------------------------
--------------------------end------------------------------
--------------------------start----------------------------
--------------------------end------------------------------
Mon Dec 15 03:00:01 UTC 2014#################dump database forum
--------------------------start----------------------------
--------------------------end------------------------------
--------------------------start----------------------------
--------------------------end------------------------------
Tue Dec 16 03:00:01 UTC 2014#################dump database forum
--------------------------start----------------------------
--------------------------end------------------------------
--------------------------start----------------------------
--------------------------end------------------------------
Wed Dec 17 03:00:01 UTC 2014#################dump database forum
--------------------------start----------------------------
--------------------------end------------------------------
--------------------------start----------------------------
--------------------------end------------------------------
Thu Dec 18 03:00:01 UTC 2014#################dump database forum
--------------------------start----------------------------
--------------------------end------------------------------
--------------------------start----------------------------
--------------------------end------------------------------
Fri Dec 19 03:00:01 UTC 2014#################dump database forum
--------------------------start----------------------------
--------------------------end------------------------------
--------------------------start----------------------------
--------------------------end------------------------------
Sat Dec 20 03:00:01 UTC 2014#################dump database forum
--------------------------start----------------------------
--------------------------end------------------------------
--------------------------start----------------------------
--------------------------end------------------------------
Sun Dec 21 03:00:01 UTC 2014#################dump database forum
--------------------------start----------------------------
--------------------------end------------------------------
--------------------------start----------------------------
--------------------------end------------------------------
Mon Dec 22 03:00:01 UTC 2014#################dump database forum
--------------------------start----------------------------
--------------------------end------------------------------
--------------------------start----------------------------
--------------------------end------------------------------
Tue Dec 23 03:00:01 UTC 2014#################dump database forum
--------------------------start----------------------------
--------------------------end------------------------------
--------------------------start----------------------------
--------------------------end------------------------------
Wed Dec 24 03:00:01 UTC 2014#################dump database forum
--------------------------start----------------------------
--------------------------end------------------------------
--------------------------start----------------------------
--------------------------end------------------------------
Thu Dec 25 03:00:01 UTC 2014#################dump database forum
--------------------------start----------------------------
--------------------------end------------------------------
--------------------------start----------------------------
--------------------------end------------------------------
Fri Dec 26 03:00:01 UTC 2014#################dump database forum
--------------------------start----------------------------
--------------------------end------------------------------
--------------------------start----------------------------
--------------------------end------------------------------
Sat Dec 27 03:00:01 UTC 2014#################dump database forum
--------------------------start----------------------------
--------------------------end------------------------------
--------------------------start----------------------------
--------------------------end------------------------------
Sun Dec 28 03:00:01 UTC 2014#################dump database forum
--------------------------start----------------------------
--------------------------end------------------------------
--------------------------start----------------------------
--------------------------end------------------------------
Mon Dec 29 03:00:01 UTC 2014#################dump database forum
--------------------------start----------------------------
--------------------------end------------------------------
--------------------------start----------------------------
--------------------------end------------------------------
Tue Dec 30 03:00:01 UTC 2014#################dump database forum
--------------------------start----------------------------
--------------------------end------------------------------
--------------------------start----------------------------
--------------------------end------------------------------
Wed Dec 31 03:00:02 UTC 2014#################dump database forum
--------------------------start----------------------------
--------------------------end------------------------------
--------------------------start----------------------------
--------------------------end------------------------------
Thu Jan 1 03:00:01 UTC 2015#################dump database forum
--------------------------start----------------------------
--------------------------end------------------------------
--------------------------start----------------------------
--------------------------end------------------------------
Fri Jan 2 03:00:01 UTC 2015#################dump database forum
--------------------------start----------------------------
--------------------------end------------------------------
--------------------------start----------------------------
--------------------------end------------------------------
Sat Jan 3 03:00:01 UTC 2015#################dump database forum
--------------------------start----------------------------
--------------------------end------------------------------
--------------------------start----------------------------
--------------------------end------------------------------
Sun Jan 4 03:00:01 UTC 2015#################dump database forum
--------------------------start----------------------------
--------------------------end------------------------------
--------------------------start----------------------------
--------------------------end------------------------------
Mon Jan 5 03:00:01 UTC 2015#################dump database forum
--------------------------start----------------------------
--------------------------end------------------------------
--------------------------start----------------------------
--------------------------end------------------------------
Mon Jan 5 07:06:35 UTC 2015#################dump database forum
--------------------------start----------------------------
--------------------------end------------------------------
--------------------------start----------------------------
--------------------------end------------------------------
Tue Jan 6 03:00:01 UTC 2015#################dump database forum
--------------------------start----------------------------
--------------------------end------------------------------
--------------------------start----------------------------
--------------------------end------------------------------
Wed Jan 7 03:00:01 UTC 2015#################dump database forum
--------------------------start----------------------------
--------------------------end------------------------------
--------------------------start----------------------------
--------------------------end------------------------------
Thu Jan 8 03:00:01 UTC 2015#################dump database forum
--------------------------start----------------------------
--------------------------end------------------------------
--------------------------start----------------------------
--------------------------end------------------------------
Fri Jan 9 03:00:01 UTC 2015#################dump database forum
--------------------------start----------------------------
--------------------------end------------------------------
--------------------------start----------------------------
--------------------------end------------------------------
Sat Jan 10 03:00:01 UTC 2015#################dump database forum
--------------------------start----------------------------
--------------------------end------------------------------
--------------------------start----------------------------
--------------------------end------------------------------
Sun Jan 11 03:00:01 UTC 2015#################dump database forum
--------------------------start----------------------------
--------------------------end------------------------------
--------------------------start----------------------------
--------------------------end------------------------------
Mon Jan 12 03:00:01 UTC 2015#################dump database forum
--------------------------start----------------------------
--------------------------end------------------------------
--------------------------start----------------------------
--------------------------end------------------------------
Tue Jan 13 03:00:01 UTC 2015#################dump database forum
--------------------------start----------------------------
--------------------------end------------------------------
--------------------------start----------------------------
--------------------------end------------------------------
Wed Jan 14 03:00:01 UTC 2015#################dump database forum
--------------------------start----------------------------
--------------------------end------------------------------
--------------------------start----------------------------
--------------------------end------------------------------
Thu Jan 15 03:00:01 UTC 2015#################dump database forum
--------------------------start----------------------------
--------------------------end------------------------------
--------------------------start----------------------------
--------------------------end------------------------------
Fri Jan 16 03:00:02 UTC 2015#################dump database forum
--------------------------start----------------------------
--------------------------end------------------------------
--------------------------start----------------------------
--------------------------end------------------------------
Sat Jan 17 03:00:01 UTC 2015#################dump database forum
--------------------------start----------------------------
--------------------------end------------------------------
--------------------------start----------------------------
--------------------------end------------------------------
Sun Jan 18 03:00:01 UTC 2015#################dump database forum
--------------------------start----------------------------
--------------------------end------------------------------
--------------------------start----------------------------
--------------------------end------------------------------
Mon Jan 19 03:00:01 UTC 2015#################dump database forum
--------------------------start----------------------------
--------------------------end------------------------------
--------------------------start----------------------------
--------------------------end------------------------------
Tue Jan 20 03:00:01 UTC 2015#################dump database forum
--------------------------start----------------------------
--------------------------end------------------------------
--------------------------start----------------------------
--------------------------end------------------------------
Wed Jan 21 03:00:01 UTC 2015#################dump database forum
--------------------------start----------------------------
--------------------------end------------------------------
--------------------------start----------------------------
--------------------------end------------------------------
Thu Jan 22 03:00:01 UTC 2015#################dump database forum
--------------------------start----------------------------
--------------------------end------------------------------
--------------------------start----------------------------
--------------------------end------------------------------
Fri Jan 23 03:00:01 UTC 2015#################dump database forum
--------------------------start----------------------------
--------------------------end------------------------------
--------------------------start----------------------------
--------------------------end------------------------------
Sat Jan 24 03:00:01 UTC 2015#################dump database forum
--------------------------start----------------------------
--------------------------end------------------------------
--------------------------start----------------------------
--------------------------end------------------------------
Sun Jan 25 03:00:01 UTC 2015#################dump database forum
--------------------------start----------------------------
--------------------------end------------------------------
--------------------------start----------------------------
--------------------------end------------------------------
Mon Jan 26 03:00:01 UTC 2015#################dump database forum
--------------------------start----------------------------
--------------------------end------------------------------
--------------------------start----------------------------
--------------------------end------------------------------
Tue Jan 27 03:00:01 UTC 2015#################dump database forum
--------------------------start----------------------------
--------------------------end------------------------------
--------------------------start----------------------------
--------------------------end------------------------------
Wed Jan 28 03:00:01 UTC 2015#################dump database forum
--------------------------start----------------------------
--------------------------end------------------------------
--------------------------start----------------------------
--------------------------end------------------------------
Thu Jan 29 03:00:01 UTC 2015#################dump database forum
--------------------------start----------------------------
--------------------------end------------------------------
--------------------------start----------------------------
--------------------------end------------------------------
Fri Jan 30 03:00:01 UTC 2015#################dump database forum
--------------------------start----------------------------
--------------------------end------------------------------
--------------------------start----------------------------
--------------------------end------------------------------
Sat Jan 31 03:00:01 UTC 2015#################dump database forum
--------------------------start----------------------------
--------------------------end------------------------------
--------------------------start----------------------------
--------------------------end------------------------------
Sun Feb 1 03:00:01 UTC 2015#################dump database forum
--------------------------start----------------------------
--------------------------end------------------------------
--------------------------start----------------------------
--------------------------end------------------------------
Mon Feb 2 03:00:01 UTC 2015#################dump database forum
--------------------------start----------------------------
--------------------------end------------------------------
--------------------------start----------------------------
--------------------------end------------------------------
Tue Feb 3 03:00:01 UTC 2015#################dump database forum
--------------------------start----------------------------
--------------------------end------------------------------
--------------------------start----------------------------
--------------------------end------------------------------
Wed Feb 4 03:00:01 UTC 2015#################dump database forum
--------------------------start----------------------------
--------------------------end------------------------------
--------------------------start----------------------------
--------------------------end------------------------------
Thu Feb 5 03:00:01 UTC 2015#################dump database forum
--------------------------start----------------------------
--------------------------end------------------------------
--------------------------start----------------------------
--------------------------end------------------------------
Fri Feb 6 03:00:01 UTC 2015#################dump database forum
--------------------------start----------------------------
--------------------------end------------------------------
--------------------------start----------------------------
--------------------------end------------------------------
Sat Feb 7 03:00:01 UTC 2015#################dump database forum
--------------------------start----------------------------
--------------------------end------------------------------
--------------------------start----------------------------
--------------------------end------------------------------
Sun Feb 8 03:00:01 UTC 2015#################dump database forum
--------------------------start----------------------------
--------------------------end------------------------------
--------------------------start----------------------------
--------------------------end------------------------------
Mon Feb 9 03:00:01 UTC 2015#################dump database forum
--------------------------start----------------------------
--------------------------end------------------------------
--------------------------start----------------------------
--------------------------end------------------------------
Tue Feb 10 03:00:01 UTC 2015#################dump database forum
--------------------------start----------------------------
Wed Feb 11 03:00:01 UTC 2015#################dump database forum
--------------------------start----------------------------
--------------------------end------------------------------
--------------------------start----------------------------
--------------------------end------------------------------
Thu Feb 12 03:00:01 UTC 2015#################dump database forum
--------------------------start----------------------------
--------------------------end------------------------------
--------------------------start----------------------------
--------------------------end------------------------------
Fri Feb 13 03:00:01 UTC 2015#################dump database forum
--------------------------start----------------------------
--------------------------end------------------------------
--------------------------start----------------------------
--------------------------end------------------------------
Sat Feb 14 03:00:02 UTC 2015#################dump database forum
--------------------------start----------------------------
--------------------------end------------------------------
--------------------------start----------------------------
--------------------------end------------------------------
Sun Feb 15 03:00:01 UTC 2015#################dump database forum
--------------------------start----------------------------
--------------------------end------------------------------
--------------------------start----------------------------
--------------------------end------------------------------
Mon Feb 16 03:00:01 UTC 2015#################dump database forum
--------------------------start----------------------------
--------------------------end------------------------------
--------------------------start----------------------------
--------------------------end------------------------------
Tue Feb 17 03:00:01 UTC 2015#################dump database forum
--------------------------start----------------------------
--------------------------end------------------------------
--------------------------start----------------------------
--------------------------end------------------------------
Wed Feb 18 03:00:01 UTC 2015#################dump database forum
--------------------------start----------------------------
--------------------------end------------------------------
--------------------------start----------------------------
--------------------------end------------------------------
Thu Feb 19 03:00:01 UTC 2015#################dump database forum
--------------------------start----------------------------
--------------------------end------------------------------
--------------------------start----------------------------
--------------------------end------------------------------
Fri Feb 20 03:00:01 UTC 2015#################dump database forum
--------------------------start----------------------------
--------------------------end------------------------------
--------------------------start----------------------------
--------------------------end------------------------------
Sat Feb 21 03:00:01 UTC 2015#################dump database forum
--------------------------start----------------------------
--------------------------end------------------------------
--------------------------start----------------------------
--------------------------end------------------------------
Sun Feb 22 03:00:01 UTC 2015#################dump database forum
--------------------------start----------------------------
--------------------------end------------------------------
--------------------------start----------------------------
--------------------------end------------------------------
Mon Feb 23 03:00:01 UTC 2015#################dump database forum
--------------------------start----------------------------
--------------------------end------------------------------
--------------------------start----------------------------
--------------------------end------------------------------
Tue Feb 24 03:00:01 UTC 2015#################dump database forum
--------------------------start----------------------------
--------------------------end------------------------------
--------------------------start----------------------------
--------------------------end------------------------------
Wed Feb 25 03:00:01 UTC 2015#################dump database forum
--------------------------start----------------------------
--------------------------end------------------------------
--------------------------start----------------------------
--------------------------end------------------------------
Wed Feb 25 10:36:12 UTC 2015#################dump database forum
--------------------------start----------------------------
Thu Feb 26 03:00:01 UTC 2015#################dump database forum
--------------------------start----------------------------
--------------------------end------------------------------
--------------------------start----------------------------
--------------------------end------------------------------
Fri Feb 27 03:00:01 UTC 2015#################dump database forum
--------------------------start----------------------------
--------------------------end------------------------------
--------------------------start----------------------------
--------------------------end------------------------------
Sat Feb 28 03:00:01 UTC 2015#################dump database forum
--------------------------start----------------------------
--------------------------end------------------------------
--------------------------start----------------------------
--------------------------end------------------------------
Sun Mar 1 03:00:02 UTC 2015#################dump database forum
--------------------------start----------------------------
--------------------------end------------------------------
--------------------------start----------------------------
--------------------------end------------------------------
Mon Mar 2 03:00:01 UTC 2015#################dump database forum
--------------------------start----------------------------
--------------------------end------------------------------
--------------------------start----------------------------
--------------------------end------------------------------
Tue Mar 3 03:00:01 UTC 2015#################dump database forum
--------------------------start----------------------------
--------------------------end------------------------------
--------------------------start----------------------------
--------------------------end------------------------------
Wed Mar 4 03:00:01 UTC 2015#################dump database forum
--------------------------start----------------------------
--------------------------end------------------------------
--------------------------start----------------------------
--------------------------end------------------------------
Thu Mar 5 03:00:01 UTC 2015#################dump database forum
--------------------------start----------------------------
--------------------------end------------------------------
--------------------------start----------------------------
--------------------------end------------------------------
Fri Mar 6 03:00:01 UTC 2015#################dump database forum
--------------------------start----------------------------
--------------------------end------------------------------
--------------------------start----------------------------
--------------------------end------------------------------
Sat Mar 7 03:00:01 UTC 2015#################dump database forum
--------------------------start----------------------------
--------------------------end------------------------------
--------------------------start----------------------------
--------------------------end------------------------------
Sun Mar 8 03:00:01 UTC 2015#################dump database forum
--------------------------start----------------------------
--------------------------end------------------------------
--------------------------start----------------------------
--------------------------end------------------------------
Mon Mar 9 03:00:01 UTC 2015#################dump database forum
--------------------------start----------------------------
--------------------------end------------------------------
--------------------------start----------------------------
--------------------------end------------------------------
Tue Mar 10 03:00:01 UTC 2015#################dump database forum
--------------------------start----------------------------
--------------------------end------------------------------
--------------------------start----------------------------
--------------------------end------------------------------
Wed Mar 11 03:00:01 UTC 2015#################dump database forum
--------------------------start----------------------------
--------------------------end------------------------------
--------------------------start----------------------------
--------------------------end------------------------------
Thu Mar 12 03:00:01 UTC 2015#################dump database forum
--------------------------start----------------------------
--------------------------end------------------------------
--------------------------start----------------------------
--------------------------end------------------------------
